#
# There is insufficient memory for the Java Runtime Environment to continue.
# Native memory allocation (malloc) failed to allocate 32744 bytes for ChunkPool::allocate
# Possible reasons:
#   The system is out of physical RAM or swap space
#   The process is running with CompressedOops enabled, and the Java Heap may be blocking the growth of the native heap
# Possible solutions:
#   Reduce memory load on the system
#   Increase physical memory or swap space
#   Check if swap backing store is full
#   Decrease Java heap size (-Xmx/-Xms)
#   Decrease number of Java threads
#   Decrease Java thread stack sizes (-Xss)
#   Set larger code cache with -XX:ReservedCodeCacheSize=
#   JVM is running with Unscaled Compressed Oops mode in which the Java heap is
#     placed in the first 4GB address space. The Java Heap base address is the
#     maximum limit for the native heap growth. Please use -XX:HeapBaseMinAddress
#     to set the Java Heap base and to place the Java Heap above 4GB virtual address.
# This output file may be truncated or incomplete.
#
#  Out of Memory Error (allocation.cpp:272), pid=24336, tid=0x0000000000005d9c
#
# JRE version: OpenJDK Runtime Environment (Zulu 8.80.0.17-CA-win64) (8.0_422-b05) (build 1.8.0_422-b05)
# Java VM: OpenJDK 64-Bit Server VM (25.422-b05 mixed mode windows-amd64 compressed oops)
# Failed to write core dump. Minidumps are not enabled by default on client versions of Windows
#

---------------  T H R E A D  ---------------

Current thread (0x0000022572ec8000):  JavaThread "C1 CompilerThread8" daemon [_thread_in_native, id=23964, stack(0x000000a2ac400000,0x000000a2ac500000)]

Stack: [0x000000a2ac400000,0x000000a2ac500000]
[error occurred during error reporting (printing stack bounds), id 0xc0000005]

Native frames: (J=compiled Java code, j=interpreted, Vv=VM code, C=native code)


Current CompileTask:
C1:  12688 1449       3       jdk.internal.org.objectweb.asm.MethodWriter::visitMaxs (1159 bytes)


---------------  P R O C E S S  ---------------

Java Threads: ( => current thread )
  0x00000225744df000 JavaThread "pool-1-thread-1" [_thread_blocked, id=23900, stack(0x000000a2aca00000,0x000000a2acb00000)]
  0x0000022572eea800 JavaThread "Service Thread" daemon [_thread_blocked, id=24096, stack(0x000000a2ac800000,0x000000a2ac900000)]
  0x0000022572ed6000 JavaThread "C1 CompilerThread11" daemon [_thread_in_native, id=1260, stack(0x000000a2ac700000,0x000000a2ac800000)]
  0x0000022572ed5000 JavaThread "C1 CompilerThread10" daemon [_thread_in_native, id=21892, stack(0x000000a2ac600000,0x000000a2ac700000)]
  0x0000022572ed4000 JavaThread "C1 CompilerThread9" daemon [_thread_in_native, id=26144, stack(0x000000a2ac500000,0x000000a2ac600000)]
=>0x0000022572ec8000 JavaThread "C1 CompilerThread8" daemon [_thread_in_native, id=23964, stack(0x000000a2ac400000,0x000000a2ac500000)]
  0x0000022572ec5800 JavaThread "C2 CompilerThread7" daemon [_thread_blocked, id=28924, stack(0x000000a2ac300000,0x000000a2ac400000)]
  0x0000022572ec2800 JavaThread "C2 CompilerThread6" daemon [_thread_blocked, id=11180, stack(0x000000a2ac200000,0x000000a2ac300000)]
  0x0000022572ec2000 JavaThread "C2 CompilerThread5" daemon [_thread_blocked, id=8544, stack(0x000000a2ac100000,0x000000a2ac200000)]
  0x0000022572ebd000 JavaThread "C2 CompilerThread4" daemon [_thread_blocked, id=11340, stack(0x000000a2ac000000,0x000000a2ac100000)]
  0x0000022572eba000 JavaThread "C2 CompilerThread3" daemon [_thread_blocked, id=13208, stack(0x000000a2abf00000,0x000000a2ac000000)]
  0x0000022572eb4800 JavaThread "C2 CompilerThread2" daemon [_thread_blocked, id=27432, stack(0x000000a2abe00000,0x000000a2abf00000)]
  0x0000022572eb3000 JavaThread "C2 CompilerThread1" daemon [_thread_blocked, id=1648, stack(0x000000a2abd00000,0x000000a2abe00000)]
  0x0000022572eb1800 JavaThread "C2 CompilerThread0" daemon [_thread_blocked, id=2904, stack(0x000000a2abc00000,0x000000a2abd00000)]
  0x0000022572ead000 JavaThread "Attach Listener" daemon [_thread_blocked, id=31060, stack(0x000000a2abb00000,0x000000a2abc00000)]
  0x0000022572ea8800 JavaThread "Signal Dispatcher" daemon [_thread_blocked, id=28320, stack(0x000000a2aba00000,0x000000a2abb00000)]
  0x0000022572e86000 JavaThread "Finalizer" daemon [_thread_blocked, id=8080, stack(0x000000a2ab900000,0x000000a2aba00000)]
  0x00000225701b9000 JavaThread "Reference Handler" daemon [_thread_blocked, id=13532, stack(0x000000a2ab800000,0x000000a2ab900000)]
  0x000002255e6d6800 JavaThread "main" [_thread_in_vm, id=15540, stack(0x000000a2aa900000,0x000000a2aaa00000)]

Other Threads:
  0x0000022570192000 VMThread [stack: 0x000000a2ab700000,0x000000a2ab800000] [id=24456]
  0x0000022572eee000 WatcherThread [stack: 0x000000a2ac900000,0x000000a2aca00000] [id=24444]

VM state:not at safepoint (normal execution)

VM Mutex/Monitor currently owned by a thread: None

heap address: 0x00000000fc000000, size: 64 MB, Compressed Oops mode: 32-bit
Narrow klass base: 0x0000000000000000, Narrow klass shift: 3
Compressed class space size: 1073741824 Address: 0x0000000100000000

Heap:
 PSYoungGen      total 16896K, used 14724K [0x00000000feb00000, 0x0000000100000000, 0x0000000100000000)
  eden space 12288K, 98% used [0x00000000feb00000,0x00000000ff6d2f08,0x00000000ff700000)
  from space 4608K, 56% used [0x00000000ffb80000,0x00000000ffe0e128,0x0000000100000000)
  to   space 4608K, 0% used [0x00000000ff700000,0x00000000ff700000,0x00000000ffb80000)
 ParOldGen       total 44032K, used 5151K [0x00000000fc000000, 0x00000000feb00000, 0x00000000feb00000)
  object space 44032K, 11% used [0x00000000fc000000,0x00000000fc507e30,0x00000000feb00000)
 Metaspace       used 14484K, capacity 14870K, committed 15104K, reserved 1062912K
  class space    used 1901K, capacity 2045K, committed 2048K, reserved 1048576K

Card table byte_map: [0x000002256f440000,0x000002256f470000] byte_map_base: 0x000002256ec60000

Marking Bits: (ParMarkBitMap*) 0x000000005f4e8470
 Begin Bits: [0x000002256f490000, 0x000002256f590000)
 End Bits:   [0x000002256f590000, 0x000002256f690000)

Polling page: 0x0000022560050000

CodeCache: size=245760Kb used=6792Kb max_used=6792Kb free=238967Kb
 bounds [0x0000022560080000, 0x0000022560730000, 0x000002256f080000]
 total_blobs=1843 nmethods=1449 adapters=303
 compilation: enabled

Compilation events (10 events):
Event: 12.172 Thread 0x0000022572ec8000 nmethod 1441 0x00000225607236d0 code [0x0000022560723840, 0x0000022560723ab0]
Event: 12.172 Thread 0x0000022572ed4000 nmethod 1440 0x0000022560723b90 code [0x0000022560723d00, 0x0000022560724038]
Event: 12.376 Thread 0x0000022572ed6000 1443       3       java.util.concurrent.locks.LockSupport::setBlocker (12 bytes)
Event: 12.376 Thread 0x0000022572ed6000 nmethod 1443 0x0000022560724190 code [0x00000225607242e0, 0x0000022560724438]
Event: 12.681 Thread 0x0000022572ed5000 1444       3       java.lang.StringBuilder::append (9 bytes)
Event: 12.681 Thread 0x0000022572ed5000 nmethod 1444 0x00000225607244d0 code [0x0000022560724660, 0x0000022560724a60]
Event: 12.685 Thread 0x0000022572ec8000 1449       3       jdk.internal.org.objectweb.asm.MethodWriter::visitMaxs (1159 bytes)
Event: 12.685 Thread 0x0000022572ed4000 1447       3       jdk.internal.org.objectweb.asm.MethodWriter::<init> (268 bytes)
Event: 12.685 Thread 0x0000022572ed6000 1446       3       jdk.internal.org.objectweb.asm.ClassWriter::visitMethod (24 bytes)
Event: 12.686 Thread 0x0000022572ed5000 1448       3       jdk.internal.org.objectweb.asm.MethodVisitor::<init> (7 bytes)

GC Heap History (10 events):
Event: 0.729 GC heap before
{Heap before GC invocations=4 (full 0):
 PSYoungGen      total 18944K, used 18912K [0x00000000feb00000, 0x0000000100000000, 0x0000000100000000)
  eden space 16384K, 100% used [0x00000000feb00000,0x00000000ffb00000,0x00000000ffb00000)
  from space 2560K, 98% used [0x00000000ffb00000,0x00000000ffd78020,0x00000000ffd80000)
  to   space 2560K, 0% used [0x00000000ffd80000,0x00000000ffd80000,0x0000000100000000)
 ParOldGen       total 44032K, used 387K [0x00000000fc000000, 0x00000000feb00000, 0x00000000feb00000)
  object space 44032K, 0% used [0x00000000fc000000,0x00000000fc060ea8,0x00000000feb00000)
 Metaspace       used 8553K, capacity 8850K, committed 8960K, reserved 1056768K
  class space    used 1076K, capacity 1185K, committed 1280K, reserved 1048576K
Event: 0.731 GC heap after
Heap after GC invocations=4 (full 0):
 PSYoungGen      total 18944K, used 2549K [0x00000000feb00000, 0x0000000100000000, 0x0000000100000000)
  eden space 16384K, 0% used [0x00000000feb00000,0x00000000feb00000,0x00000000ffb00000)
  from space 2560K, 99% used [0x00000000ffd80000,0x00000000ffffd400,0x0000000100000000)
  to   space 2560K, 0% used [0x00000000ffb00000,0x00000000ffb00000,0x00000000ffd80000)
 ParOldGen       total 44032K, used 963K [0x00000000fc000000, 0x00000000feb00000, 0x00000000feb00000)
  object space 44032K, 2% used [0x00000000fc000000,0x00000000fc0f0fa8,0x00000000feb00000)
 Metaspace       used 8553K, capacity 8850K, committed 8960K, reserved 1056768K
  class space    used 1076K, capacity 1185K, committed 1280K, reserved 1048576K
}
Event: 0.826 GC heap before
{Heap before GC invocations=5 (full 0):
 PSYoungGen      total 18944K, used 18933K [0x00000000feb00000, 0x0000000100000000, 0x0000000100000000)
  eden space 16384K, 100% used [0x00000000feb00000,0x00000000ffb00000,0x00000000ffb00000)
  from space 2560K, 99% used [0x00000000ffd80000,0x00000000ffffd400,0x0000000100000000)
  to   space 2560K, 0% used [0x00000000ffb00000,0x00000000ffb00000,0x00000000ffd80000)
 ParOldGen       total 44032K, used 963K [0x00000000fc000000, 0x00000000feb00000, 0x00000000feb00000)
  object space 44032K, 2% used [0x00000000fc000000,0x00000000fc0f0fa8,0x00000000feb00000)
 Metaspace       used 9665K, capacity 9950K, committed 10112K, reserved 1058816K
  class space    used 1259K, capacity 1381K, committed 1408K, reserved 1048576K
Event: 0.828 GC heap after
Heap after GC invocations=5 (full 0):
 PSYoungGen      total 18944K, used 2544K [0x00000000feb00000, 0x0000000100000000, 0x0000000100000000)
  eden space 16384K, 0% used [0x00000000feb00000,0x00000000feb00000,0x00000000ffb00000)
  from space 2560K, 99% used [0x00000000ffb00000,0x00000000ffd7c010,0x00000000ffd80000)
  to   space 2560K, 0% used [0x00000000ffd80000,0x00000000ffd80000,0x0000000100000000)
 ParOldGen       total 44032K, used 1783K [0x00000000fc000000, 0x00000000feb00000, 0x00000000feb00000)
  object space 44032K, 4% used [0x00000000fc000000,0x00000000fc1bdfd8,0x00000000feb00000)
 Metaspace       used 9665K, capacity 9950K, committed 10112K, reserved 1058816K
  class space    used 1259K, capacity 1381K, committed 1408K, reserved 1048576K
}
Event: 0.936 GC heap before
{Heap before GC invocations=6 (full 0):
 PSYoungGen      total 18944K, used 18928K [0x00000000feb00000, 0x0000000100000000, 0x0000000100000000)
  eden space 16384K, 100% used [0x00000000feb00000,0x00000000ffb00000,0x00000000ffb00000)
  from space 2560K, 99% used [0x00000000ffb00000,0x00000000ffd7c010,0x00000000ffd80000)
  to   space 2560K, 0% used [0x00000000ffd80000,0x00000000ffd80000,0x0000000100000000)
 ParOldGen       total 44032K, used 1783K [0x00000000fc000000, 0x00000000feb00000, 0x00000000feb00000)
  object space 44032K, 4% used [0x00000000fc000000,0x00000000fc1bdfd8,0x00000000feb00000)
 Metaspace       used 11367K, capacity 11632K, committed 11904K, reserved 1058816K
  class space    used 1491K, capacity 1598K, committed 1664K, reserved 1048576K
Event: 0.939 GC heap after
Heap after GC invocations=6 (full 0):
 PSYoungGen      total 14848K, used 2528K [0x00000000feb00000, 0x0000000100000000, 0x0000000100000000)
  eden space 12288K, 0% used [0x00000000feb00000,0x00000000feb00000,0x00000000ff700000)
  from space 2560K, 98% used [0x00000000ffd80000,0x00000000ffff8020,0x0000000100000000)
  to   space 4608K, 0% used [0x00000000ff700000,0x00000000ff700000,0x00000000ffb80000)
 ParOldGen       total 44032K, used 3227K [0x00000000fc000000, 0x00000000feb00000, 0x00000000feb00000)
  object space 44032K, 7% used [0x00000000fc000000,0x00000000fc326d90,0x00000000feb00000)
 Metaspace       used 11367K, capacity 11632K, committed 11904K, reserved 1058816K
  class space    used 1491K, capacity 1598K, committed 1664K, reserved 1048576K
}
Event: 0.989 GC heap before
{Heap before GC invocations=7 (full 0):
 PSYoungGen      total 14848K, used 14816K [0x00000000feb00000, 0x0000000100000000, 0x0000000100000000)
  eden space 12288K, 100% used [0x00000000feb00000,0x00000000ff700000,0x00000000ff700000)
  from space 2560K, 98% used [0x00000000ffd80000,0x00000000ffff8020,0x0000000100000000)
  to   space 4608K, 0% used [0x00000000ff700000,0x00000000ff700000,0x00000000ffb80000)
 ParOldGen       total 44032K, used 3227K [0x00000000fc000000, 0x00000000feb00000, 0x00000000feb00000)
  object space 44032K, 7% used [0x00000000fc000000,0x00000000fc326d90,0x00000000feb00000)
 Metaspace       used 11963K, capacity 12292K, committed 12544K, reserved 1060864K
  class space    used 1594K, capacity 1730K, committed 1792K, reserved 1048576K
Event: 0.991 GC heap after
Heap after GC invocations=7 (full 0):
 PSYoungGen      total 16896K, used 2229K [0x00000000feb00000, 0x0000000100000000, 0x0000000100000000)
  eden space 12288K, 0% used [0x00000000feb00000,0x00000000feb00000,0x00000000ff700000)
  from space 4608K, 48% used [0x00000000ff700000,0x00000000ff92d600,0x00000000ffb80000)
  to   space 4608K, 0% used [0x00000000ffb80000,0x00000000ffb80000,0x0000000100000000)
 ParOldGen       total 44032K, used 4295K [0x00000000fc000000, 0x00000000feb00000, 0x00000000feb00000)
  object space 44032K, 9% used [0x00000000fc000000,0x00000000fc431df0,0x00000000feb00000)
 Metaspace       used 11963K, capacity 12292K, committed 12544K, reserved 1060864K
  class space    used 1594K, capacity 1730K, committed 1792K, reserved 1048576K
}
Event: 1.590 GC heap before
{Heap before GC invocations=8 (full 0):
 PSYoungGen      total 16896K, used 14517K [0x00000000feb00000, 0x0000000100000000, 0x0000000100000000)
  eden space 12288K, 100% used [0x00000000feb00000,0x00000000ff700000,0x00000000ff700000)
  from space 4608K, 48% used [0x00000000ff700000,0x00000000ff92d600,0x00000000ffb80000)
  to   space 4608K, 0% used [0x00000000ffb80000,0x00000000ffb80000,0x0000000100000000)
 ParOldGen       total 44032K, used 4295K [0x00000000fc000000, 0x00000000feb00000, 0x00000000feb00000)
  object space 44032K, 9% used [0x00000000fc000000,0x00000000fc431df0,0x00000000feb00000)
 Metaspace       used 13165K, capacity 13558K, committed 13696K, reserved 1060864K
  class space    used 1724K, capacity 1869K, committed 1920K, reserved 1048576K
Event: 1.592 GC heap after
Heap after GC invocations=8 (full 0):
 PSYoungGen      total 16896K, used 2616K [0x00000000feb00000, 0x0000000100000000, 0x0000000100000000)
  eden space 12288K, 0% used [0x00000000feb00000,0x00000000feb00000,0x00000000ff700000)
  from space 4608K, 56% used [0x00000000ffb80000,0x00000000ffe0e128,0x0000000100000000)
  to   space 4608K, 0% used [0x00000000ff700000,0x00000000ff700000,0x00000000ffb80000)
 ParOldGen       total 44032K, used 5151K [0x00000000fc000000, 0x00000000feb00000, 0x00000000feb00000)
  object space 44032K, 11% used [0x00000000fc000000,0x00000000fc507e30,0x00000000feb00000)
 Metaspace       used 13165K, capacity 13558K, committed 13696K, reserved 1060864K
  class space    used 1724K, capacity 1869K, committed 1920K, reserved 1048576K
}

Deoptimization events (10 events):
Event: 1.539 Thread 0x000002255e6d6800 Uncommon trap: reason=bimorphic action=maybe_recompile pc=0x0000022560480664 method=java.util.AbstractList$Itr.hasNext()Z @ 8
Event: 1.539 Thread 0x000002255e6d6800 Uncommon trap: reason=bimorphic action=maybe_recompile pc=0x0000022560481db8 method=java.util.AbstractList$Itr.next()Ljava/lang/Object; @ 14
Event: 1.539 Thread 0x000002255e6d6800 Uncommon trap: reason=bimorphic action=maybe_recompile pc=0x0000022560480664 method=java.util.AbstractList$Itr.hasNext()Z @ 8
Event: 1.539 Thread 0x000002255e6d6800 Uncommon trap: reason=bimorphic action=maybe_recompile pc=0x0000022560481db8 method=java.util.AbstractList$Itr.next()Ljava/lang/Object; @ 14
Event: 1.539 Thread 0x000002255e6d6800 Uncommon trap: reason=bimorphic action=maybe_recompile pc=0x0000022560480664 method=java.util.AbstractList$Itr.hasNext()Z @ 8
Event: 1.539 Thread 0x000002255e6d6800 Uncommon trap: reason=bimorphic action=maybe_recompile pc=0x0000022560481db8 method=java.util.AbstractList$Itr.next()Ljava/lang/Object; @ 14
Event: 1.555 Thread 0x000002255e6d6800 Uncommon trap: reason=unstable_if action=reinterpret pc=0x000002256048c368 method=java.lang.String$CaseInsensitiveComparator.compare(Ljava/lang/String;Ljava/lang/String;)I @ 49
Event: 1.560 Thread 0x000002255e6d6800 Uncommon trap: reason=unstable_if action=reinterpret pc=0x0000022560487bc0 method=java.lang.String$CaseInsensitiveComparator.compare(Ljava/lang/String;Ljava/lang/String;)I @ 49
Event: 1.563 Thread 0x000002255e6d6800 Uncommon trap: reason=unstable_if action=reinterpret pc=0x000002256058afc0 method=sun.nio.cs.UTF_8$Decoder.decode([BII[C)I @ 30
Event: 1.587 Thread 0x00000225744df000 Uncommon trap: reason=unstable_if action=reinterpret pc=0x0000022560478c18 method=java.lang.String.substring(I)Ljava/lang/String; @ 35

Classes redefined (0 events):
No events

Internal exceptions (10 events):
Event: 0.432 Thread 0x000002255e6d6800 Exception <a 'java/security/PrivilegedActionException'> (0x00000000ff770f20) thrown at [C:\jenkins\workspace\Zulu\zulu-platform-build\35621\zulu-src.git\hotspot\src\share\vm\prims\jvm.cpp, line 1514]
Event: 0.432 Thread 0x000002255e6d6800 Exception <a 'java/security/PrivilegedActionException'> (0x00000000ff775450) thrown at [C:\jenkins\workspace\Zulu\zulu-platform-build\35621\zulu-src.git\hotspot\src\share\vm\prims\jvm.cpp, line 1514]
Event: 0.432 Thread 0x000002255e6d6800 Exception <a 'java/security/PrivilegedActionException'> (0x00000000ff775660) thrown at [C:\jenkins\workspace\Zulu\zulu-platform-build\35621\zulu-src.git\hotspot\src\share\vm\prims\jvm.cpp, line 1514]
Event: 0.656 Thread 0x000002255e6d6800 Implicit null exception at 0x0000022560583cd5 to 0x0000022560583ee5
Event: 0.698 Thread 0x000002255e6d6800 Exception <a 'java/lang/NoClassDefFoundError': org/slf4j/impl/StaticMarkerBinder> (0x00000000ff5827c8) thrown at [C:\jenkins\workspace\Zulu\zulu-platform-build\35621\zulu-src.git\hotspot\src\share\vm\classfile\systemDictionary.cpp, line 209]
Event: 0.815 Thread 0x000002255e6d6800 Exception <a 'java/lang/NoSuchMethodError': java.lang.Object.lambda$static$0(Lorg/gradle/internal/state/ModelObject;)Ljava/lang/String;> (0x00000000ff8c6280) thrown at [C:\jenkins\workspace\Zulu\zulu-platform-build\35621\zulu-src.git\hotspot\src\share\vm\
Event: 0.872 Thread 0x000002255e6d6800 Exception <a 'java/lang/NoSuchMethodError': java.lang.Object.lambda$identity$2(Ljava/lang/Object;)Ljava/lang/Object;> (0x00000000ff256b78) thrown at [C:\jenkins\workspace\Zulu\zulu-platform-build\35621\zulu-src.git\hotspot\src\share\vm\interpreter\linkRes
Event: 0.935 Thread 0x000002255e6d6800 Exception <a 'java/lang/NoSuchMethodError': java.lang.Object.lambda$get$0(Ljava/util/function/Supplier;Ljava/lang/Object;)Ljava/lang/Object;> (0x00000000ffaf7ab0) thrown at [C:\jenkins\workspace\Zulu\zulu-platform-build\35621\zulu-src.git\hotspot\src\shar
Event: 0.953 Thread 0x000002255e6d6800 Exception <a 'java/lang/NoSuchMethodError': java.lang.Object.lambda$andThen$1(Ljava/util/function/Function;Ljava/lang/Object;)Ljava/lang/Object;> (0x00000000fec8c570) thrown at [C:\jenkins\workspace\Zulu\zulu-platform-build\35621\zulu-src.git\hotspot\src\
Event: 12.680 Thread 0x000002255e6d6800 Exception <a 'java/io/IOException'> (0x00000000ff5ae208) thrown at [C:\jenkins\workspace\Zulu\zulu-platform-build\35621\zulu-src.git\hotspot\src\share\vm\prims\jni.cpp, line 712]

Events (10 events):
Event: 12.683 loading class com/google/common/collect/EvictingQueue
Event: 12.683 loading class com/google/common/collect/EvictingQueue done
Event: 12.683 loading class com/google/common/collect/ForwardingQueue
Event: 12.683 loading class com/google/common/collect/ForwardingQueue done
Event: 12.684 loading class com/google/common/collect/ForwardingCollection
Event: 12.684 loading class com/google/common/collect/ForwardingCollection done
Event: 12.684 loading class com/google/common/collect/ForwardingObject
Event: 12.684 loading class com/google/common/collect/ForwardingObject done
Event: 12.685 loading class com/google/common/collect/EvictingQueue
Event: 12.685 loading class com/google/common/collect/EvictingQueue done


Dynamic libraries:
0x00007ff6ca1c0000 - 0x00007ff6ca210000 	C:\Program Files\Zulu\zulu-8\bin\java.exe
0x00007ffbf32f0000 - 0x00007ffbf3507000 	C:\WINDOWS\SYSTEM32\ntdll.dll
0x00007ffbf2fb0000 - 0x00007ffbf3074000 	C:\WINDOWS\System32\KERNEL32.DLL
0x00007ffbf0a30000 - 0x00007ffbf0e00000 	C:\WINDOWS\System32\KERNELBASE.dll
0x00007ffbf2ae0000 - 0x00007ffbf2b91000 	C:\WINDOWS\System32\ADVAPI32.dll
0x00007ffbf2980000 - 0x00007ffbf2a27000 	C:\WINDOWS\System32\msvcrt.dll
0x00007ffbf1c00000 - 0x00007ffbf1ca7000 	C:\WINDOWS\System32\sechost.dll
0x00007ffbf0890000 - 0x00007ffbf08b8000 	C:\WINDOWS\System32\bcrypt.dll
0x00007ffbf2610000 - 0x00007ffbf2724000 	C:\WINDOWS\System32\RPCRT4.dll
0x00007ffbf2440000 - 0x00007ffbf25ee000 	C:\WINDOWS\System32\USER32.dll
0x00007ffbf07e0000 - 0x00007ffbf0806000 	C:\WINDOWS\System32\win32u.dll
0x00007ffbf2390000 - 0x00007ffbf23b9000 	C:\WINDOWS\System32\GDI32.dll
0x00007ffbf05a0000 - 0x00007ffbf06bb000 	C:\WINDOWS\System32\gdi32full.dll
0x00007ffbf0740000 - 0x00007ffbf07da000 	C:\WINDOWS\System32\msvcp_win.dll
0x00007ffbf0e00000 - 0x00007ffbf0f11000 	C:\WINDOWS\System32\ucrtbase.dll
0x00007ffbe7490000 - 0x00007ffbe7722000 	C:\WINDOWS\WinSxS\amd64_microsoft.windows.common-controls_6595b64144ccf1df_6.0.22621.4830_none_270fe7d773858e80\COMCTL32.dll
0x00007ffbf1250000 - 0x00007ffbf1281000 	C:\WINDOWS\System32\IMM32.DLL
0x00007ffbde440000 - 0x00007ffbde455000 	C:\Program Files\Zulu\zulu-8\jre\bin\vcruntime140.dll
0x00007ffb66af0000 - 0x00007ffb66b8b000 	C:\Program Files\Zulu\zulu-8\jre\bin\msvcp140.dll
0x000000005ecf0000 - 0x000000005f563000 	C:\Program Files\Zulu\zulu-8\jre\bin\server\jvm.dll
0x00007ffbf2900000 - 0x00007ffbf2908000 	C:\WINDOWS\System32\PSAPI.DLL
0x00007ffbea760000 - 0x00007ffbea794000 	C:\WINDOWS\SYSTEM32\WINMM.dll
0x00007ffbe7180000 - 0x00007ffbe718a000 	C:\WINDOWS\SYSTEM32\VERSION.dll
0x00007ffbeae50000 - 0x00007ffbeae59000 	C:\WINDOWS\SYSTEM32\WSOCK32.dll
0x00007ffbf3230000 - 0x00007ffbf32a1000 	C:\WINDOWS\System32\WS2_32.dll
0x00007ffbef6a0000 - 0x00007ffbef6b8000 	C:\WINDOWS\SYSTEM32\kernel.appcore.dll
0x00007ffbea670000 - 0x00007ffbea680000 	C:\Program Files\Zulu\zulu-8\jre\bin\verify.dll
0x00007ffbd3ee0000 - 0x00007ffbd3f0b000 	C:\Program Files\Zulu\zulu-8\jre\bin\java.dll
0x00007ffbd9b30000 - 0x00007ffbd9b48000 	C:\Program Files\Zulu\zulu-8\jre\bin\zip.dll
0x00007ffbf1380000 - 0x00007ffbf1bf8000 	C:\WINDOWS\System32\SHELL32.dll
0x00007ffbee4a0000 - 0x00007ffbeedb0000 	C:\WINDOWS\SYSTEM32\windows.storage.dll
0x00007ffbf2c00000 - 0x00007ffbf2f90000 	C:\WINDOWS\System32\combase.dll
0x00007ffbee360000 - 0x00007ffbee49f000 	C:\WINDOWS\SYSTEM32\wintypes.dll
0x00007ffbf1140000 - 0x00007ffbf124a000 	C:\WINDOWS\System32\SHCORE.dll
0x00007ffbf2ba0000 - 0x00007ffbf2bfe000 	C:\WINDOWS\System32\shlwapi.dll
0x00007ffbf04d0000 - 0x00007ffbf04fb000 	C:\WINDOWS\SYSTEM32\profapi.dll
0x00007ffbd41f0000 - 0x00007ffbd420c000 	C:\Program Files\Zulu\zulu-8\jre\bin\net.dll
0x00007ffbefb30000 - 0x00007ffbefb9a000 	C:\WINDOWS\system32\mswsock.dll
0x00007ffbb7090000 - 0x00007ffbb70a3000 	C:\Program Files\Zulu\zulu-8\jre\bin\nio.dll
0x00007ffbda850000 - 0x00007ffbda877000 	C:\Users\Rhesa Tsaqif\.gradle\native\c067742578af261105cb4f569cf0c3c89f3d7b1fecec35dd04571415982c5e48\windows-amd64\native-platform.dll
0x00007ffbd9da0000 - 0x00007ffbd9daa000 	C:\Users\Rhesa Tsaqif\.gradle\native\jansi\1.18\windows64\jansi.dll
0x00007ffbd8fd0000 - 0x00007ffbd8fdd000 	C:\Program Files\Zulu\zulu-8\jre\bin\management.dll
0x00007ffbefdb0000 - 0x00007ffbefdcb000 	C:\WINDOWS\SYSTEM32\CRYPTSP.dll
0x00007ffbef600000 - 0x00007ffbef635000 	C:\WINDOWS\system32\rsaenh.dll
0x00007ffbefc20000 - 0x00007ffbefc48000 	C:\WINDOWS\SYSTEM32\USERENV.dll
0x00007ffbf06c0000 - 0x00007ffbf073b000 	C:\WINDOWS\System32\bcryptprimitives.dll
0x00007ffbefda0000 - 0x00007ffbefdac000 	C:\WINDOWS\SYSTEM32\CRYPTBASE.dll
0x00007ffbef040000 - 0x00007ffbef06d000 	C:\WINDOWS\SYSTEM32\IPHLPAPI.DLL
0x00007ffbf2730000 - 0x00007ffbf2739000 	C:\WINDOWS\System32\NSI.dll
0x00007ffbea1e0000 - 0x00007ffbea1f9000 	C:\WINDOWS\SYSTEM32\dhcpcsvc6.DLL
0x00007ffbea0b0000 - 0x00007ffbea0cf000 	C:\WINDOWS\SYSTEM32\dhcpcsvc.DLL
0x00007ffbef0c0000 - 0x00007ffbef1c2000 	C:\WINDOWS\SYSTEM32\DNSAPI.dll

VM Arguments:
jvm_args: -Xmx64m -Xms64m -Dorg.gradle.appname=gradlew 
java_command: org.gradle.wrapper.GradleWrapperMain clean
java_class_path (initial): D:\waste-bank-app\\gradle\wrapper\gradle-wrapper.jar
Launcher Type: SUN_STANDARD

Environment Variables:
JAVA_HOME=C:\Program Files\Zulu\zulu-8
CLASSPATH=D:\waste-bank-app\\gradle\wrapper\gradle-wrapper.jar
PATH=C:\Python313\Scripts\;C:\Python313\;C:\Program Files\Zulu\zulu-8\bin\;C:\Program Files (x86)\Common Files\Intel\Shared Libraries\redist\intel64\compiler;C:\Program Files\Common Files\Oracle\Java\javapath;C:\WINDOWS\system32;C:\WINDOWS;C:\WINDOWS\System32\Wbem;C:\WINDOWS\System32\WindowsPowerShell\v1.0\;C:\WINDOWS\System32\OpenSSH\;C:\Program Files\Java\jdk-20\bin;C:\Program Files\Git\cmd;C:\Program Files\WireGuard\;C:\Program Files\Microsoft SQL Server\120\Tools\Binn\;C:\Program Files\Microsoft SQL Server\Client SDK\ODBC\110\Tools\Binn\;C:\Program Files (x86)\Microsoft SQL Server\120\Tools\Binn\;C:\Program Files\Microsoft SQL Server\120\DTS\Binn\;C:\Program Files (x86)\Microsoft SQL Server\120\Tools\Binn\ManagementStudio\;C:\Program Files (x86)\Microsoft SQL Server\120\DTS\Binn\;C:\Program Files (x86)\Gradle\gradle-8.10.2\bin;C:\Program Files\PuTTY\;C:\ProgramData\chocolatey\bin;D:\Node.js\;C:\Program Files (x86)\Microsoft SQL Server\160\Tools\Binn\;C:\Program Files\Microsoft SQL Server\160\Tools\Binn\;C:\Program Files\Microsoft SQL Server\Client SDK\ODBC\170\Tools\Binn\;C:\Program Files\Microsoft SQL Server\160\DTS\Binn\;C:\Program Files (x86)\Microsoft SQL Server\160\DTS\Binn\;C:\Users\Rhesa Tsaqif\AppData\Local\Programs\Python\Python311\Scripts\;C:\Users\Rhesa Tsaqif\AppData\Local\Programs\Python\Python311\;C:\Users\Rhesa Tsaqif\AppData\Local\Microsoft\WindowsApps;C:\Users\Rhesa Tsaqif\AppData\Local\Programs\Microsoft VS Code\bin;C:\Users\Rhesa Tsaqif\AppData\Local\GitHubDesktop\bin;D:\XAMPP\php;C:\Users\Rhesa Tsaqif\AppData\Local\ComposerSetup\bin;C:\Users\Rhesa Tsaqif\AppData\Roaming\Composer\vendor\bin;C:\Users\Rhesa Tsaqif\AppData\Roaming\npm
USERNAME=Rhesa Tsaqif
OS=Windows_NT
PROCESSOR_IDENTIFIER=Intel64 Family 6 Model 154 Stepping 3, GenuineIntel



---------------  S Y S T E M  ---------------

OS: Windows 11 , 64 bit Build 22621 (10.0.22621.4830)
HyperV virtualization detected

CPU:total 16 (initial active 16) (8 cores per cpu, 2 threads per core) family 6 model 154 stepping 3, cmov, cx8, fxsr, mmx, sse, sse2, sse3, ssse3, sse4.1, sse4.2, popcnt, avx, avx2, aes, clmul, erms, 3dnowpref, lzcnt, ht, tsc, tscinvbit, bmi1, bmi2, adx

Memory: 4k page, physical 24852556k(6490692k free), swap 26949708k(4696k free)

vm_info: OpenJDK 64-Bit Server VM (25.422-b05) for windows-amd64 JRE (Zulu 8.80.0.17-CA-win64) (1.8.0_422-b05), built on Jul  9 2024 22:32:24 by "abrygin" with MS VC++ 15.9 (VS2017)

time: Fri Mar  7 10:41:45 2025
timezone: SE Asia Standard Time
elapsed time: 12.694397 seconds (0d 0h 0m 12s)

