#
# There is insufficient memory for the Java Runtime Environment to continue.
# Native memory allocation (malloc) failed to allocate 150672 bytes for Chunk::new
# Possible reasons:
#   The system is out of physical RAM or swap space
#   The process is running with CompressedOops enabled, and the Java Heap may be blocking the growth of the native heap
# Possible solutions:
#   Reduce memory load on the system
#   Increase physical memory or swap space
#   Check if swap backing store is full
#   Decrease Java heap size (-Xmx/-Xms)
#   Decrease number of Java threads
#   Decrease Java thread stack sizes (-Xss)
#   Set larger code cache with -XX:ReservedCodeCacheSize=
#   JVM is running with Unscaled Compressed Oops mode in which the Java heap is
#     placed in the first 4GB address space. The Java Heap base address is the
#     maximum limit for the native heap growth. Please use -XX:HeapBaseMinAddress
#     to set the Java Heap base and to place the Java Heap above 4GB virtual address.
# This output file may be truncated or incomplete.
#
#  Out of Memory Error (allocation.cpp:389), pid=25800, tid=0x00000000000072dc
#
# JRE version: OpenJDK Runtime Environment (Zulu 8.80.0.17-CA-win64) (8.0_422-b05) (build 1.8.0_422-b05)
# Java VM: OpenJDK 64-Bit Server VM (25.422-b05 mixed mode windows-amd64 compressed oops)
# Failed to write core dump. Minidumps are not enabled by default on client versions of Windows
#

---------------  T H R E A D  ---------------

Current thread (0x00000209fde6e000):  JavaThread "C2 CompilerThread0" daemon [_thread_in_native, id=29404, stack(0x0000002e17d00000,0x0000002e17e00000)]

Stack: [0x0000002e17d00000,0x0000002e17e00000]
[error occurred during error reporting (printing stack bounds), id 0xc0000005]

Native frames: (J=compiled Java code, j=interpreted, Vv=VM code, C=native code)


Current CompileTask:
C2:   7730 5199   !   4       org.jetbrains.kotlin.metadata.ProtoBuf$Type$Argument::<init> (401 bytes)


---------------  P R O C E S S  ---------------

Java Threads: ( => current thread )
  0x000002098f534000 JavaThread "Cache worker for cache directory md-supplier (C:\Users\Rhesa Tsaqif\.gradle\caches\8.10.2\md-supplier)" [_thread_blocked, id=26556, stack(0x0000002e19f00000,0x0000002e1a000000)]
  0x000002098f083000 JavaThread "Cache worker for cache directory md-rule (C:\Users\Rhesa Tsaqif\.gradle\caches\8.10.2\md-rule)" [_thread_blocked, id=28648, stack(0x0000002e19e00000,0x0000002e19f00000)]
  0x000002098f082000 JavaThread "Cache worker for file content cache (C:\Users\Rhesa Tsaqif\.gradle\caches\8.10.2\fileContent)" [_thread_blocked, id=22672, stack(0x0000002e19d00000,0x0000002e19e00000)]
  0x000002098f080000 JavaThread "Cache worker for checksums cache (D:\waste-bank-app\.gradle\8.10.2\checksums)" [_thread_blocked, id=6612, stack(0x0000002e19c00000,0x0000002e19d00000)]
  0x000002098f084000 JavaThread "File watcher consumer" daemon [_thread_blocked, id=18004, stack(0x0000002e19b00000,0x0000002e19c00000)]
  0x000002098f081800 JavaThread "File watcher server" daemon [_thread_in_native, id=19660, stack(0x0000002e19a00000,0x0000002e19b00000)]
  0x000002098f07f000 JavaThread "Cache worker for Build Output Cleanup Cache (D:\waste-bank-app\.gradle\buildOutputCleanup)" [_thread_blocked, id=26000, stack(0x0000002e19900000,0x0000002e19a00000)]
  0x000002098f07d800 JavaThread "Cache worker for file hash cache (D:\waste-bank-app\.gradle\8.10.2\fileHashes)" [_thread_blocked, id=29484, stack(0x0000002e19800000,0x0000002e19900000)]
  0x000002098f07e800 JavaThread "Cache worker for file hash cache (C:\Users\Rhesa Tsaqif\.gradle\caches\8.10.2\fileHashes)" [_thread_blocked, id=24120, stack(0x0000002e19700000,0x0000002e19800000)]
  0x000002098f080800 JavaThread "File lock request listener" [_thread_in_native, id=15168, stack(0x0000002e19600000,0x0000002e19700000)]
  0x000002098f084800 JavaThread "Cache worker for journal cache (C:\Users\Rhesa Tsaqif\.gradle\caches\journal-1)" [_thread_blocked, id=29900, stack(0x0000002e19500000,0x0000002e19600000)]
  0x000002098f132000 JavaThread "Daemon client event forwarder" [_thread_blocked, id=23028, stack(0x0000002e19400000,0x0000002e19500000)]
  0x000002098f131000 JavaThread "Stdin handler" [_thread_blocked, id=26520, stack(0x0000002e19300000,0x0000002e19400000)]
  0x000002098f130800 JavaThread "Asynchronous log dispatcher for DefaultDaemonConnection: socket connection from /127.0.0.1:51333 to /127.0.0.1:51334" [_thread_blocked, id=16992, stack(0x0000002e19200000,0x0000002e19300000)]
  0x000002098f17c000 JavaThread "Daemon worker" [_thread_in_Java, id=30596, stack(0x0000002e19100000,0x0000002e19200000)]
  0x000002098f173800 JavaThread "Cancel handler" [_thread_blocked, id=4680, stack(0x0000002e19000000,0x0000002e19100000)]
  0x000002098f109000 JavaThread "Handler for socket connection from /127.0.0.1:51333 to /127.0.0.1:51334" [_thread_in_native, id=24232, stack(0x0000002e18f00000,0x0000002e19000000)]
  0x000002098f0f3000 JavaThread "Daemon" [_thread_blocked, id=1184, stack(0x0000002e18e00000,0x0000002e18f00000)]
  0x000002098f087800 JavaThread "Daemon periodic checks" [_thread_blocked, id=2792, stack(0x0000002e18d00000,0x0000002e18e00000)]
  0x000002098f08a000 JavaThread "Incoming local TCP Connector on port 51333" [_thread_in_native, id=872, stack(0x0000002e18c00000,0x0000002e18d00000)]
  0x00000209ffb52800 JavaThread "Daemon health stats" [_thread_blocked, id=2072, stack(0x0000002e18b00000,0x0000002e18c00000)]
  0x00000209fdf50000 JavaThread "Service Thread" daemon [_thread_blocked, id=1248, stack(0x0000002e18900000,0x0000002e18a00000)]
  0x00000209fde85800 JavaThread "C1 CompilerThread11" daemon [_thread_blocked, id=21640, stack(0x0000002e18800000,0x0000002e18900000)]
  0x00000209fde83800 JavaThread "C1 CompilerThread10" daemon [_thread_blocked, id=26872, stack(0x0000002e18700000,0x0000002e18800000)]
  0x00000209fde83000 JavaThread "C1 CompilerThread9" daemon [_thread_blocked, id=30140, stack(0x0000002e18600000,0x0000002e18700000)]
  0x00000209fde80000 JavaThread "C1 CompilerThread8" daemon [_thread_blocked, id=19252, stack(0x0000002e18500000,0x0000002e18600000)]
  0x00000209fde7e800 JavaThread "C2 CompilerThread7" daemon [_thread_in_native, id=11316, stack(0x0000002e18400000,0x0000002e18500000)]
  0x00000209fde79800 JavaThread "C2 CompilerThread6" daemon [_thread_blocked, id=3436, stack(0x0000002e18300000,0x0000002e18400000)]
  0x00000209fde75800 JavaThread "C2 CompilerThread5" daemon [_thread_in_native, id=26688, stack(0x0000002e18200000,0x0000002e18300000)]
  0x00000209fde75000 JavaThread "C2 CompilerThread4" daemon [_thread_in_native, id=10260, stack(0x0000002e18100000,0x0000002e18200000)]
  0x00000209fde72000 JavaThread "C2 CompilerThread3" daemon [_thread_in_native, id=30132, stack(0x0000002e18000000,0x0000002e18100000)]
  0x00000209fde71800 JavaThread "C2 CompilerThread2" daemon [_thread_in_vm, id=11564, stack(0x0000002e17f00000,0x0000002e18000000)]
  0x00000209fde70800 JavaThread "C2 CompilerThread1" daemon [_thread_blocked, id=25000, stack(0x0000002e17e00000,0x0000002e17f00000)]
=>0x00000209fde6e000 JavaThread "C2 CompilerThread0" daemon [_thread_in_native, id=29404, stack(0x0000002e17d00000,0x0000002e17e00000)]
  0x00000209fddd8000 JavaThread "Attach Listener" daemon [_thread_blocked, id=2684, stack(0x0000002e17c00000,0x0000002e17d00000)]
  0x00000209fb0ee000 JavaThread "Signal Dispatcher" daemon [_thread_blocked, id=10264, stack(0x0000002e17b00000,0x0000002e17c00000)]
  0x00000209fb0d7800 JavaThread "Finalizer" daemon [_thread_blocked, id=24700, stack(0x0000002e17a00000,0x0000002e17b00000)]
  0x00000209fddc0800 JavaThread "Reference Handler" daemon [_thread_blocked, id=30248, stack(0x0000002e17900000,0x0000002e17a00000)]
  0x00000209f3d6f800 JavaThread "main" [_thread_blocked, id=29744, stack(0x0000002e16a00000,0x0000002e16b00000)]

Other Threads:
  0x00000209fb0c6000 VMThread [stack: 0x0000002e17800000,0x0000002e17900000] [id=13680]
  0x00000209fde3f000 WatcherThread [stack: 0x0000002e18a00000,0x0000002e18b00000] [id=10828]

VM state:not at safepoint (normal execution)

VM Mutex/Monitor currently owned by a thread:  ([mutex/lock_event])
[0x00000209f3d6a880] SystemDictionary_lock - owner thread: 0x0000000000000000

heap address: 0x0000000080000000, size: 2048 MB, Compressed Oops mode: 32-bit
Narrow klass base: 0x0000000000000000, Narrow klass shift: 3
Compressed class space size: 1073741824 Address: 0x0000000100000000

Heap:
 PSYoungGen      total 402944K, used 94284K [0x00000000d5580000, 0x00000000f3b00000, 0x0000000100000000)
  eden space 387072K, 20% used [0x00000000d5580000,0x00000000da2176f8,0x00000000ecf80000)
  from space 15872K, 99% used [0x00000000f2b80000,0x00000000f3afbcb0,0x00000000f3b00000)
  to   space 15872K, 0% used [0x00000000ecf80000,0x00000000ecf80000,0x00000000edf00000)
 ParOldGen       total 242688K, used 50066K [0x0000000080000000, 0x000000008ed00000, 0x00000000d5580000)
  object space 242688K, 20% used [0x0000000080000000,0x00000000830e4bc0,0x000000008ed00000)
 Metaspace       used 75184K, capacity 78486K, committed 78744K, reserved 1116160K
  class space    used 10443K, capacity 11088K, committed 11176K, reserved 1048576K

Card table byte_map: [0x00000209f5b00000,0x00000209f5f10000] byte_map_base: 0x00000209f5700000

Marking Bits: (ParMarkBitMap*) 0x000000005f4e8470
 Begin Bits: [0x00000209f61c0000, 0x00000209f81c0000)
 End Bits:   [0x00000209f81c0000, 0x00000209fa1c0000)

Polling page: 0x00000209f3f40000

CodeCache: size=245760Kb used=17589Kb max_used=17753Kb free=228171Kb
 bounds [0x0000020980000000, 0x0000020981170000, 0x000002098f000000]
 total_blobs=5304 nmethods=4672 adapters=540
 compilation: enabled

Compilation events (10 events):
Event: 7.716 Thread 0x00000209fde85800 5210       3       org.jetbrains.kotlin.metadata.jvm.JvmProtoBuf$StringTableTypes$Record$Operation::valueOf (42 bytes)
Event: 7.717 Thread 0x00000209fde85800 nmethod 5210 0x00000209809f8510 code [0x00000209809f8680, 0x00000209809f8818]
Event: 7.718 Thread 0x00000209fde72000 nmethod 5203 0x00000209809a8410 code [0x00000209809a8560, 0x00000209809a8a58]
Event: 7.719 Thread 0x00000209fde71800 5211       4       org.jetbrains.kotlin.metadata.ProtoBuf$Type$Argument$Projection::valueOf (50 bytes)
Event: 7.719 Thread 0x00000209fde72000 5212   !   4       org.jetbrains.kotlin.metadata.ProtoBuf$ValueParameter::<init> (513 bytes)
Event: 7.719 Thread 0x00000209fde70800 nmethod 5202 0x000002098096aad0 code [0x000002098096ac80, 0x000002098096b568]
Event: 7.719 Thread 0x00000209fde70800 5213       4       org.jetbrains.kotlin.protobuf.ExtensionRegistryLite$ObjectIntPair::hashCode (16 bytes)
Event: 7.720 Thread 0x00000209fde71800 nmethod 5211 0x00000209806c2810 code [0x00000209806c2940, 0x00000209806c29d8]
Event: 7.721 Thread 0x00000209fde70800 nmethod 5213 0x0000020980b27290 code [0x0000020980b273e0, 0x0000020980b274a8]
Event: 7.723 Thread 0x00000209fde79800 nmethod 5205 0x00000209809684d0 code [0x00000209809686a0, 0x0000020980968d58]

GC Heap History (10 events):
Event: 3.339 GC heap before
{Heap before GC invocations=7 (full 2):
 PSYoungGen      total 402944K, used 8564K [0x00000000d5580000, 0x00000000f3b00000, 0x0000000100000000)
  eden space 387072K, 0% used [0x00000000d5580000,0x00000000d5580000,0x00000000ecf80000)
  from space 15872K, 53% used [0x00000000ecf80000,0x00000000ed7dd218,0x00000000edf00000)
  to   space 15872K, 0% used [0x00000000f2b80000,0x00000000f2b80000,0x00000000f3b00000)
 ParOldGen       total 162816K, used 15505K [0x0000000080000000, 0x0000000089f00000, 0x00000000d5580000)
  object space 162816K, 9% used [0x0000000080000000,0x0000000080f244f0,0x0000000089f00000)
 Metaspace       used 33602K, capacity 35310K, committed 35496K, reserved 1079296K
  class space    used 4830K, capacity 5181K, committed 5288K, reserved 1048576K
Event: 3.368 GC heap after
Heap after GC invocations=7 (full 2):
 PSYoungGen      total 402944K, used 0K [0x00000000d5580000, 0x00000000f3b00000, 0x0000000100000000)
  eden space 387072K, 0% used [0x00000000d5580000,0x00000000d5580000,0x00000000ecf80000)
  from space 15872K, 0% used [0x00000000ecf80000,0x00000000ecf80000,0x00000000edf00000)
  to   space 15872K, 0% used [0x00000000f2b80000,0x00000000f2b80000,0x00000000f3b00000)
 ParOldGen       total 242688K, used 16414K [0x0000000080000000, 0x000000008ed00000, 0x00000000d5580000)
  object space 242688K, 6% used [0x0000000080000000,0x00000000810078f0,0x000000008ed00000)
 Metaspace       used 33602K, capacity 35310K, committed 35496K, reserved 1079296K
  class space    used 4830K, capacity 5181K, committed 5288K, reserved 1048576K
}
Event: 5.160 GC heap before
{Heap before GC invocations=8 (full 2):
 PSYoungGen      total 402944K, used 387072K [0x00000000d5580000, 0x00000000f3b00000, 0x0000000100000000)
  eden space 387072K, 100% used [0x00000000d5580000,0x00000000ecf80000,0x00000000ecf80000)
  from space 15872K, 0% used [0x00000000ecf80000,0x00000000ecf80000,0x00000000edf00000)
  to   space 15872K, 0% used [0x00000000f2b80000,0x00000000f2b80000,0x00000000f3b00000)
 ParOldGen       total 242688K, used 16414K [0x0000000080000000, 0x000000008ed00000, 0x00000000d5580000)
  object space 242688K, 6% used [0x0000000080000000,0x00000000810078f0,0x000000008ed00000)
 Metaspace       used 50567K, capacity 53462K, committed 53544K, reserved 1095680K
  class space    used 7127K, capacity 7656K, committed 7720K, reserved 1048576K
Event: 5.181 GC heap after
Heap after GC invocations=8 (full 2):
 PSYoungGen      total 402944K, used 15864K [0x00000000d5580000, 0x00000000f3b00000, 0x0000000100000000)
  eden space 387072K, 0% used [0x00000000d5580000,0x00000000d5580000,0x00000000ecf80000)
  from space 15872K, 99% used [0x00000000f2b80000,0x00000000f3afe1c0,0x00000000f3b00000)
  to   space 15872K, 0% used [0x00000000ecf80000,0x00000000ecf80000,0x00000000edf00000)
 ParOldGen       total 242688K, used 21528K [0x0000000080000000, 0x000000008ed00000, 0x00000000d5580000)
  object space 242688K, 8% used [0x0000000080000000,0x0000000081506000,0x000000008ed00000)
 Metaspace       used 50567K, capacity 53462K, committed 53544K, reserved 1095680K
  class space    used 7127K, capacity 7656K, committed 7720K, reserved 1048576K
}
Event: 5.542 GC heap before
{Heap before GC invocations=9 (full 2):
 PSYoungGen      total 402944K, used 102741K [0x00000000d5580000, 0x00000000f3b00000, 0x0000000100000000)
  eden space 387072K, 22% used [0x00000000d5580000,0x00000000daa57508,0x00000000ecf80000)
  from space 15872K, 99% used [0x00000000f2b80000,0x00000000f3afe1c0,0x00000000f3b00000)
  to   space 15872K, 0% used [0x00000000ecf80000,0x00000000ecf80000,0x00000000edf00000)
 ParOldGen       total 242688K, used 21528K [0x0000000080000000, 0x000000008ed00000, 0x00000000d5580000)
  object space 242688K, 8% used [0x0000000080000000,0x0000000081506000,0x000000008ed00000)
 Metaspace       used 55980K, capacity 58918K, committed 59160K, reserved 1099776K
  class space    used 8172K, capacity 8728K, committed 8744K, reserved 1048576K
Event: 5.554 GC heap after
Heap after GC invocations=9 (full 2):
 PSYoungGen      total 402944K, used 11450K [0x00000000d5580000, 0x00000000f3b00000, 0x0000000100000000)
  eden space 387072K, 0% used [0x00000000d5580000,0x00000000d5580000,0x00000000ecf80000)
  from space 15872K, 72% used [0x00000000ecf80000,0x00000000edaaeb00,0x00000000edf00000)
  to   space 15872K, 0% used [0x00000000f2b80000,0x00000000f2b80000,0x00000000f3b00000)
 ParOldGen       total 242688K, used 21536K [0x0000000080000000, 0x000000008ed00000, 0x00000000d5580000)
  object space 242688K, 8% used [0x0000000080000000,0x0000000081508000,0x000000008ed00000)
 Metaspace       used 55980K, capacity 58918K, committed 59160K, reserved 1099776K
  class space    used 8172K, capacity 8728K, committed 8744K, reserved 1048576K
}
Event: 5.554 GC heap before
{Heap before GC invocations=10 (full 3):
 PSYoungGen      total 402944K, used 11450K [0x00000000d5580000, 0x00000000f3b00000, 0x0000000100000000)
  eden space 387072K, 0% used [0x00000000d5580000,0x00000000d5580000,0x00000000ecf80000)
  from space 15872K, 72% used [0x00000000ecf80000,0x00000000edaaeb00,0x00000000edf00000)
  to   space 15872K, 0% used [0x00000000f2b80000,0x00000000f2b80000,0x00000000f3b00000)
 ParOldGen       total 242688K, used 21536K [0x0000000080000000, 0x000000008ed00000, 0x00000000d5580000)
  object space 242688K, 8% used [0x0000000080000000,0x0000000081508000,0x000000008ed00000)
 Metaspace       used 55980K, capacity 58918K, committed 59160K, reserved 1099776K
  class space    used 8172K, capacity 8728K, committed 8744K, reserved 1048576K
Event: 5.679 GC heap after
Heap after GC invocations=10 (full 3):
 PSYoungGen      total 402944K, used 0K [0x00000000d5580000, 0x00000000f3b00000, 0x0000000100000000)
  eden space 387072K, 0% used [0x00000000d5580000,0x00000000d5580000,0x00000000ecf80000)
  from space 15872K, 0% used [0x00000000ecf80000,0x00000000ecf80000,0x00000000edf00000)
  to   space 15872K, 0% used [0x00000000f2b80000,0x00000000f2b80000,0x00000000f3b00000)
 ParOldGen       total 242688K, used 24077K [0x0000000080000000, 0x000000008ed00000, 0x00000000d5580000)
  object space 242688K, 9% used [0x0000000080000000,0x0000000081783660,0x000000008ed00000)
 Metaspace       used 55980K, capacity 58918K, committed 59160K, reserved 1099776K
  class space    used 8172K, capacity 8728K, committed 8744K, reserved 1048576K
}
Event: 7.297 GC heap before
{Heap before GC invocations=11 (full 3):
 PSYoungGen      total 402944K, used 387072K [0x00000000d5580000, 0x00000000f3b00000, 0x0000000100000000)
  eden space 387072K, 100% used [0x00000000d5580000,0x00000000ecf80000,0x00000000ecf80000)
  from space 15872K, 0% used [0x00000000ecf80000,0x00000000ecf80000,0x00000000edf00000)
  to   space 15872K, 0% used [0x00000000f2b80000,0x00000000f2b80000,0x00000000f3b00000)
 ParOldGen       total 242688K, used 24077K [0x0000000080000000, 0x000000008ed00000, 0x00000000d5580000)
  object space 242688K, 9% used [0x0000000080000000,0x0000000081783660,0x000000008ed00000)
 Metaspace       used 71646K, capacity 74824K, committed 75160K, reserved 1114112K
  class space    used 10000K, capacity 10605K, committed 10664K, reserved 1048576K
Event: 7.364 GC heap after
Heap after GC invocations=11 (full 3):
 PSYoungGen      total 402944K, used 15855K [0x00000000d5580000, 0x00000000f3b00000, 0x0000000100000000)
  eden space 387072K, 0% used [0x00000000d5580000,0x00000000d5580000,0x00000000ecf80000)
  from space 15872K, 99% used [0x00000000f2b80000,0x00000000f3afbcb0,0x00000000f3b00000)
  to   space 15872K, 0% used [0x00000000ecf80000,0x00000000ecf80000,0x00000000edf00000)
 ParOldGen       total 242688K, used 50066K [0x0000000080000000, 0x000000008ed00000, 0x00000000d5580000)
  object space 242688K, 20% used [0x0000000080000000,0x00000000830e4bc0,0x000000008ed00000)
 Metaspace       used 71646K, capacity 74824K, committed 75160K, reserved 1114112K
  class space    used 10000K, capacity 10605K, committed 10664K, reserved 1048576K
}

Deoptimization events (10 events):
Event: 6.834 Thread 0x000002098f17c000 Uncommon trap: reason=unstable_if action=reinterpret pc=0x000002098071873c method=sun.net.www.ParseUtil.encodePath(Ljava/lang/String;Z)Ljava/lang/String; @ 81
Event: 6.862 Thread 0x000002098f17c000 Uncommon trap: reason=unstable_if action=reinterpret pc=0x0000020980363800 method=org.jetbrains.kotlin.com.intellij.util.SmartList.get(I)Ljava/lang/Object; @ 13
Event: 7.033 Thread 0x000002098f17c000 Uncommon trap: reason=bimorphic action=maybe_recompile pc=0x0000020980ef3520 method=org.jetbrains.kotlin.protobuf.CodedInputStream.tryRefillBuffer(I)Z @ 177
Event: 7.038 Thread 0x000002098f17c000 Uncommon trap: reason=bimorphic action=maybe_recompile pc=0x0000020980ef3520 method=org.jetbrains.kotlin.protobuf.CodedInputStream.tryRefillBuffer(I)Z @ 177
Event: 7.039 Thread 0x000002098f17c000 Uncommon trap: reason=bimorphic action=maybe_recompile pc=0x0000020980ef3520 method=org.jetbrains.kotlin.protobuf.CodedInputStream.tryRefillBuffer(I)Z @ 177
Event: 7.043 Thread 0x000002098f17c000 Uncommon trap: reason=bimorphic action=maybe_recompile pc=0x0000020980ef3520 method=org.jetbrains.kotlin.protobuf.CodedInputStream.tryRefillBuffer(I)Z @ 177
Event: 7.057 Thread 0x000002098f17c000 Uncommon trap: reason=bimorphic action=maybe_recompile pc=0x0000020980eeeb08 method=org.jetbrains.kotlin.protobuf.CodedInputStream.tryRefillBuffer(I)Z @ 177
Event: 7.555 Thread 0x000002098f17c000 Uncommon trap: reason=unstable_if action=reinterpret pc=0x00000209810a2224 method=java.text.StringCharacterIterator.current()C @ 19
Event: 7.579 Thread 0x000002098f17c000 Uncommon trap: reason=bimorphic action=maybe_recompile pc=0x0000020980fe4140 method=java.util.Objects.equals(Ljava/lang/Object;Ljava/lang/Object;)Z @ 11
Event: 7.585 Thread 0x000002098f17c000 Uncommon trap: reason=bimorphic action=maybe_recompile pc=0x0000020980fe4140 method=java.util.Objects.equals(Ljava/lang/Object;Ljava/lang/Object;)Z @ 11

Classes redefined (0 events):
No events

Internal exceptions (10 events):
Event: 7.429 Thread 0x000002098f17c000 Exception <a 'java/lang/NoSuchMethodError': java.lang.Object.lambda$static$56()Lorg/jetbrains/kotlin/com/intellij/lang/ASTNode;> (0x00000000d64f20c8) thrown at [C:\jenkins\workspace\Zulu\zulu-platform-build\35621\zulu-src.git\hotspot\src\share\vm\interpre
Event: 7.430 Thread 0x000002098f17c000 Exception <a 'java/lang/NoSuchMethodError': java.lang.Object.lambda$static$57()Lorg/jetbrains/kotlin/com/intellij/lang/ASTNode;> (0x00000000d64f5fe8) thrown at [C:\jenkins\workspace\Zulu\zulu-platform-build\35621\zulu-src.git\hotspot\src\share\vm\interpre
Event: 7.430 Thread 0x000002098f17c000 Exception <a 'java/lang/NoSuchMethodError': java.lang.Object.lambda$static$58()Lorg/jetbrains/kotlin/com/intellij/lang/ASTNode;> (0x00000000d64f9f18) thrown at [C:\jenkins\workspace\Zulu\zulu-platform-build\35621\zulu-src.git\hotspot\src\share\vm\interpre
Event: 7.430 Thread 0x000002098f17c000 Exception <a 'java/lang/NoSuchMethodError': java.lang.Object.lambda$static$59()Lorg/jetbrains/kotlin/com/intellij/lang/ASTNode;> (0x00000000d64fde38) thrown at [C:\jenkins\workspace\Zulu\zulu-platform-build\35621\zulu-src.git\hotspot\src\share\vm\interpre
Event: 7.430 Thread 0x000002098f17c000 Exception <a 'java/lang/NoSuchMethodError': java.lang.Object.lambda$static$60()Lorg/jetbrains/kotlin/com/intellij/lang/ASTNode;> (0x00000000d6501d70) thrown at [C:\jenkins\workspace\Zulu\zulu-platform-build\35621\zulu-src.git\hotspot\src\share\vm\interpre
Event: 7.430 Thread 0x000002098f17c000 Exception <a 'java/lang/NoSuchMethodError': java.lang.Object.lambda$static$61()Lorg/jetbrains/kotlin/com/intellij/lang/ASTNode;> (0x00000000d6505ca0) thrown at [C:\jenkins\workspace\Zulu\zulu-platform-build\35621\zulu-src.git\hotspot\src\share\vm\interpre
Event: 7.477 Thread 0x000002098f17c000 Exception <a 'java/lang/NoSuchMethodError': java.lang.Object.lambda$identity$2(I)I> (0x00000000d6e8d198) thrown at [C:\jenkins\workspace\Zulu\zulu-platform-build\35621\zulu-src.git\hotspot\src\share\vm\interpreter\linkResolver.cpp, line 620]
Event: 7.493 Thread 0x000002098f17c000 Exception <a 'java/lang/NoSuchMethodError': java.lang.Object.lambda$static$0(I)[Lorg/jetbrains/kotlin/com/intellij/psi/PsiReference;> (0x00000000d70cffb8) thrown at [C:\jenkins\workspace\Zulu\zulu-platform-build\35621\zulu-src.git\hotspot\src\share\vm\int
Event: 7.498 Thread 0x000002098f17c000 Exception <a 'java/lang/NoSuchMethodError': java.lang.Object.lambda$static$0(I)[Lorg/jetbrains/kotlin/com/intellij/psi/PsiTypeElement;> (0x00000000d71a7040) thrown at [C:\jenkins\workspace\Zulu\zulu-platform-build\35621\zulu-src.git\hotspot\src\share\vm\i
Event: 7.506 Thread 0x000002098f17c000 Exception <a 'java/lang/NoSuchMethodError': java.lang.Object.lambda$static$0(I)[Lorg/jetbrains/kotlin/com/intellij/psi/PsiTypeParameter;> (0x00000000d72d4698) thrown at [C:\jenkins\workspace\Zulu\zulu-platform-build\35621\zulu-src.git\hotspot\src\share\vm

Events (10 events):
Event: 7.701 Thread 0x00000209fde70800 flushing nmethod 0x0000020980ab0690
Event: 7.701 Thread 0x00000209fde71800 flushing nmethod 0x0000020980b27290
Event: 7.701 Thread 0x00000209fde71800 flushing nmethod 0x0000020980b6b010
Event: 7.703 Thread 0x00000209fde83800 flushing nmethod 0x0000020980d5bdd0
Event: 7.708 Thread 0x000002098f17c000 DEOPT PACKING pc=0x0000020980cf34b4 sp=0x0000002e191f5870
Event: 7.708 Thread 0x000002098f17c000 DEOPT UNPACKING pc=0x00000209800476d8 sp=0x0000002e191f5600 mode 0
Event: 7.714 Thread 0x000002098f17c000 DEOPT PACKING pc=0x0000020980cf34b4 sp=0x0000002e191f5870
Event: 7.714 Thread 0x000002098f17c000 DEOPT UNPACKING pc=0x00000209800476d8 sp=0x0000002e191f5600 mode 0
Event: 7.716 Thread 0x000002098f17c000 DEOPT PACKING pc=0x0000020980cf34b4 sp=0x0000002e191f5870
Event: 7.716 Thread 0x000002098f17c000 DEOPT UNPACKING pc=0x00000209800476d8 sp=0x0000002e191f5600 mode 0


Dynamic libraries:
0x00007ff6ca1c0000 - 0x00007ff6ca210000 	C:\Program Files\Zulu\zulu-8\bin\java.exe
0x00007ffbf32f0000 - 0x00007ffbf3507000 	C:\WINDOWS\SYSTEM32\ntdll.dll
0x00007ffbf2fb0000 - 0x00007ffbf3074000 	C:\WINDOWS\System32\KERNEL32.DLL
0x00007ffbf0a30000 - 0x00007ffbf0e00000 	C:\WINDOWS\System32\KERNELBASE.dll
0x00007ffbf2ae0000 - 0x00007ffbf2b91000 	C:\WINDOWS\System32\ADVAPI32.dll
0x00007ffbf2980000 - 0x00007ffbf2a27000 	C:\WINDOWS\System32\msvcrt.dll
0x00007ffbf1c00000 - 0x00007ffbf1ca7000 	C:\WINDOWS\System32\sechost.dll
0x00007ffbf0890000 - 0x00007ffbf08b8000 	C:\WINDOWS\System32\bcrypt.dll
0x00007ffbf2610000 - 0x00007ffbf2724000 	C:\WINDOWS\System32\RPCRT4.dll
0x00007ffbf2440000 - 0x00007ffbf25ee000 	C:\WINDOWS\System32\USER32.dll
0x00007ffbf07e0000 - 0x00007ffbf0806000 	C:\WINDOWS\System32\win32u.dll
0x00007ffbf2390000 - 0x00007ffbf23b9000 	C:\WINDOWS\System32\GDI32.dll
0x00007ffbf05a0000 - 0x00007ffbf06bb000 	C:\WINDOWS\System32\gdi32full.dll
0x00007ffbf0740000 - 0x00007ffbf07da000 	C:\WINDOWS\System32\msvcp_win.dll
0x00007ffbf0e00000 - 0x00007ffbf0f11000 	C:\WINDOWS\System32\ucrtbase.dll
0x00007ffbe7490000 - 0x00007ffbe7722000 	C:\WINDOWS\WinSxS\amd64_microsoft.windows.common-controls_6595b64144ccf1df_6.0.22621.4830_none_270fe7d773858e80\COMCTL32.dll
0x00007ffbf1250000 - 0x00007ffbf1281000 	C:\WINDOWS\System32\IMM32.DLL
0x00007ffbe9c50000 - 0x00007ffbe9c65000 	C:\Program Files\Zulu\zulu-8\jre\bin\vcruntime140.dll
0x00007ffb66af0000 - 0x00007ffb66b8b000 	C:\Program Files\Zulu\zulu-8\jre\bin\msvcp140.dll
0x000000005ecf0000 - 0x000000005f563000 	C:\Program Files\Zulu\zulu-8\jre\bin\server\jvm.dll
0x00007ffbf2900000 - 0x00007ffbf2908000 	C:\WINDOWS\System32\PSAPI.DLL
0x00007ffbeae50000 - 0x00007ffbeae59000 	C:\WINDOWS\SYSTEM32\WSOCK32.dll
0x00007ffbea760000 - 0x00007ffbea794000 	C:\WINDOWS\SYSTEM32\WINMM.dll
0x00007ffbe7180000 - 0x00007ffbe718a000 	C:\WINDOWS\SYSTEM32\VERSION.dll
0x00007ffbf3230000 - 0x00007ffbf32a1000 	C:\WINDOWS\System32\WS2_32.dll
0x00007ffbef6a0000 - 0x00007ffbef6b8000 	C:\WINDOWS\SYSTEM32\kernel.appcore.dll
0x00007ffbea670000 - 0x00007ffbea680000 	C:\Program Files\Zulu\zulu-8\jre\bin\verify.dll
0x00007ffbd3ee0000 - 0x00007ffbd3f0b000 	C:\Program Files\Zulu\zulu-8\jre\bin\java.dll
0x00007ffbb7070000 - 0x00007ffbb70a9000 	C:\Program Files\Zulu\zulu-8\jre\bin\instrument.dll
0x00007ffbde440000 - 0x00007ffbde458000 	C:\Program Files\Zulu\zulu-8\jre\bin\zip.dll
0x00007ffbf1380000 - 0x00007ffbf1bf8000 	C:\WINDOWS\System32\SHELL32.dll
0x00007ffbee4a0000 - 0x00007ffbeedb0000 	C:\WINDOWS\SYSTEM32\windows.storage.dll
0x00007ffbf2c00000 - 0x00007ffbf2f90000 	C:\WINDOWS\System32\combase.dll
0x00007ffbee360000 - 0x00007ffbee49f000 	C:\WINDOWS\SYSTEM32\wintypes.dll
0x00007ffbf1140000 - 0x00007ffbf124a000 	C:\WINDOWS\System32\SHCORE.dll
0x00007ffbf2ba0000 - 0x00007ffbf2bfe000 	C:\WINDOWS\System32\shlwapi.dll
0x00007ffbf04d0000 - 0x00007ffbf04fb000 	C:\WINDOWS\SYSTEM32\profapi.dll
0x00007ffbd9b30000 - 0x00007ffbd9b4c000 	C:\Program Files\Zulu\zulu-8\jre\bin\net.dll
0x00007ffbefb30000 - 0x00007ffbefb9a000 	C:\WINDOWS\system32\mswsock.dll
0x00007ffbd41f0000 - 0x00007ffbd4203000 	C:\Program Files\Zulu\zulu-8\jre\bin\nio.dll
0x00007ffbda850000 - 0x00007ffbda877000 	C:\Users\Rhesa Tsaqif\.gradle\native\c067742578af261105cb4f569cf0c3c89f3d7b1fecec35dd04571415982c5e48\windows-amd64\native-platform.dll
0x00007ffb63780000 - 0x00007ffb638c4000 	C:\Users\Rhesa Tsaqif\.gradle\native\100fb08df4bc3b14c8652ba06237920a3bd2aa13389f12d3474272988ae205f9\windows-amd64\native-platform-file-events.dll
0x00007ffbd8fd0000 - 0x00007ffbd8fdd000 	C:\Program Files\Zulu\zulu-8\jre\bin\management.dll
0x00007ffbefdb0000 - 0x00007ffbefdcb000 	C:\WINDOWS\SYSTEM32\CRYPTSP.dll
0x00007ffbef600000 - 0x00007ffbef635000 	C:\WINDOWS\system32\rsaenh.dll
0x00007ffbefc20000 - 0x00007ffbefc48000 	C:\WINDOWS\SYSTEM32\USERENV.dll
0x00007ffbf06c0000 - 0x00007ffbf073b000 	C:\WINDOWS\System32\bcryptprimitives.dll
0x00007ffbefda0000 - 0x00007ffbefdac000 	C:\WINDOWS\SYSTEM32\CRYPTBASE.dll
0x00007ffbef040000 - 0x00007ffbef06d000 	C:\WINDOWS\SYSTEM32\IPHLPAPI.DLL
0x00007ffbf2730000 - 0x00007ffbf2739000 	C:\WINDOWS\System32\NSI.dll
0x00007ffbea1e0000 - 0x00007ffbea1f9000 	C:\WINDOWS\SYSTEM32\dhcpcsvc6.DLL
0x00007ffbea0b0000 - 0x00007ffbea0cf000 	C:\WINDOWS\SYSTEM32\dhcpcsvc.DLL
0x00007ffbef0c0000 - 0x00007ffbef1c2000 	C:\WINDOWS\SYSTEM32\DNSAPI.dll

VM Arguments:
jvm_args: -Xmx2048m -Dfile.encoding=UTF-8 -Duser.country=ID -Duser.language=en -Duser.variant -javaagent:C:\Users\Rhesa Tsaqif\.gradle\wrapper\dists\gradle-8.10.2-bin\a04bxjujx95o3nb99gddekhwo\gradle-8.10.2\lib\agents\gradle-instrumentation-agent-8.10.2.jar 
java_command: org.gradle.launcher.daemon.bootstrap.GradleDaemon 8.10.2
java_class_path (initial): C:\Users\Rhesa Tsaqif\.gradle\wrapper\dists\gradle-8.10.2-bin\a04bxjujx95o3nb99gddekhwo\gradle-8.10.2\lib\gradle-daemon-main-8.10.2.jar;C:\Users\Rhesa Tsaqif\.gradle\wrapper\dists\gradle-8.10.2-bin\a04bxjujx95o3nb99gddekhwo\gradle-8.10.2\lib\agents\gradle-instrumentation-agent-8.10.2.jar
Launcher Type: SUN_STANDARD

Environment Variables:
JAVA_HOME=C:\Program Files\Zulu\zulu-8
CLASSPATH=D:\waste-bank-app\\gradle\wrapper\gradle-wrapper.jar
PATH=C:\Python313\Scripts\;C:\Python313\;C:\Program Files\Zulu\zulu-8\bin\;C:\Program Files (x86)\Common Files\Intel\Shared Libraries\redist\intel64\compiler;C:\Program Files\Common Files\Oracle\Java\javapath;C:\WINDOWS\system32;C:\WINDOWS;C:\WINDOWS\System32\Wbem;C:\WINDOWS\System32\WindowsPowerShell\v1.0\;C:\WINDOWS\System32\OpenSSH\;C:\Program Files\Java\jdk-20\bin;C:\Program Files\Git\cmd;C:\Program Files\WireGuard\;C:\Program Files\Microsoft SQL Server\120\Tools\Binn\;C:\Program Files\Microsoft SQL Server\Client SDK\ODBC\110\Tools\Binn\;C:\Program Files (x86)\Microsoft SQL Server\120\Tools\Binn\;C:\Program Files\Microsoft SQL Server\120\DTS\Binn\;C:\Program Files (x86)\Microsoft SQL Server\120\Tools\Binn\ManagementStudio\;C:\Program Files (x86)\Microsoft SQL Server\120\DTS\Binn\;C:\Program Files (x86)\Gradle\gradle-8.10.2\bin;C:\Program Files\PuTTY\;C:\ProgramData\chocolatey\bin;D:\Node.js\;C:\Program Files (x86)\Microsoft SQL Server\160\Tools\Binn\;C:\Program Files\Microsoft SQL Server\160\Tools\Binn\;C:\Program Files\Microsoft SQL Server\Client SDK\ODBC\170\Tools\Binn\;C:\Program Files\Microsoft SQL Server\160\DTS\Binn\;C:\Program Files (x86)\Microsoft SQL Server\160\DTS\Binn\;C:\Users\Rhesa Tsaqif\AppData\Local\Programs\Python\Python311\Scripts\;C:\Users\Rhesa Tsaqif\AppData\Local\Programs\Python\Python311\;C:\Users\Rhesa Tsaqif\AppData\Local\Microsoft\WindowsApps;C:\Users\Rhesa Tsaqif\AppData\Local\Programs\Microsoft VS Code\bin;C:\Users\Rhesa Tsaqif\AppData\Local\GitHubDesktop\bin;D:\XAMPP\php;C:\Users\Rhesa Tsaqif\AppData\Local\ComposerSetup\bin;C:\Users\Rhesa Tsaqif\AppData\Roaming\Composer\vendor\bin;C:\Users\Rhesa Tsaqif\AppData\Roaming\npm
USERNAME=Rhesa Tsaqif
OS=Windows_NT
PROCESSOR_IDENTIFIER=Intel64 Family 6 Model 154 Stepping 3, GenuineIntel



---------------  S Y S T E M  ---------------

OS: Windows 11 , 64 bit Build 22621 (10.0.22621.4830)
HyperV virtualization detected

CPU:total 16 (initial active 16) (8 cores per cpu, 2 threads per core) family 6 model 154 stepping 3, cmov, cx8, fxsr, mmx, sse, sse2, sse3, ssse3, sse4.1, sse4.2, popcnt, avx, avx2, aes, clmul, erms, 3dnowpref, lzcnt, ht, tsc, tscinvbit, bmi1, bmi2, adx

Memory: 4k page, physical 24852556k(6490236k free), swap 26949708k(5588k free)

vm_info: OpenJDK 64-Bit Server VM (25.422-b05) for windows-amd64 JRE (Zulu 8.80.0.17-CA-win64) (1.8.0_422-b05), built on Jul  9 2024 22:32:24 by "abrygin" with MS VC++ 15.9 (VS2017)

time: Fri Mar  7 10:42:44 2025
timezone: SE Asia Standard Time
elapsed time: 7.735336 seconds (0d 0h 0m 7s)

