#
# There is insufficient memory for the Java Runtime Environment to continue.
# Native memory allocation (malloc) failed to allocate 316736 bytes for Chunk::new
# Possible reasons:
#   The system is out of physical RAM or swap space
#   The process is running with CompressedOops enabled, and the Java Heap may be blocking the growth of the native heap
# Possible solutions:
#   Reduce memory load on the system
#   Increase physical memory or swap space
#   Check if swap backing store is full
#   Decrease Java heap size (-Xmx/-Xms)
#   Decrease number of Java threads
#   Decrease Java thread stack sizes (-Xss)
#   Set larger code cache with -XX:ReservedCodeCacheSize=
#   JVM is running with Unscaled Compressed Oops mode in which the Java heap is
#     placed in the first 4GB address space. The Java Heap base address is the
#     maximum limit for the native heap growth. Please use -XX:HeapBaseMinAddress
#     to set the Java Heap base and to place the Java Heap above 4GB virtual address.
# This output file may be truncated or incomplete.
#
#  Out of Memory Error (allocation.cpp:389), pid=31136, tid=0x0000000000003ea4
#
# JRE version: OpenJDK Runtime Environment (Zulu 8.80.0.17-CA-win64) (8.0_422-b05) (build 1.8.0_422-b05)
# Java VM: OpenJDK 64-Bit Server VM (25.422-b05 mixed mode windows-amd64 compressed oops)
# Failed to write core dump. Minidumps are not enabled by default on client versions of Windows
#

---------------  T H R E A D  ---------------

Current thread (0x0000021dfd370000):  JavaThread "C2 CompilerThread3" daemon [_thread_in_native, id=16036, stack(0x000000f72e200000,0x000000f72e300000)]

Stack: [0x000000f72e200000,0x000000f72e300000]
[error occurred during error reporting (printing stack bounds), id 0xc0000005]

Native frames: (J=compiled Java code, j=interpreted, Vv=VM code, C=native code)


Current CompileTask:
C2:  10993 7383       4       org.jetbrains.kotlin.protobuf.FieldSet::writeElementNoTag (378 bytes)


---------------  P R O C E S S  ---------------

Java Threads: ( => current thread )
  0x0000021dfefbb000 JavaThread "Cache worker for cache directory md-supplier (C:\Users\Rhesa Tsaqif\.gradle\caches\8.10.2\md-supplier)" [_thread_blocked, id=12296, stack(0x000000f730100000,0x000000f730200000)]
  0x0000021dfefba800 JavaThread "Cache worker for cache directory md-rule (C:\Users\Rhesa Tsaqif\.gradle\caches\8.10.2\md-rule)" [_thread_blocked, id=19012, stack(0x000000f730000000,0x000000f730100000)]
  0x0000021dfefb8800 JavaThread "Cache worker for file content cache (C:\Users\Rhesa Tsaqif\.gradle\caches\8.10.2\fileContent)" [_thread_blocked, id=26128, stack(0x000000f72ff00000,0x000000f730000000)]
  0x0000021dfefb9800 JavaThread "Cache worker for checksums cache (D:\waste-bank-app\.gradle\8.10.2\checksums)" [_thread_blocked, id=17532, stack(0x000000f72fe00000,0x000000f72ff00000)]
  0x0000021dfefbf000 JavaThread "File watcher consumer" daemon [_thread_blocked, id=12496, stack(0x000000f72fd00000,0x000000f72fe00000)]
  0x0000021dfefbd800 JavaThread "File watcher server" daemon [_thread_in_native, id=27608, stack(0x000000f72fc00000,0x000000f72fd00000)]
  0x0000021dfefb1000 JavaThread "Cache worker for Build Output Cleanup Cache (D:\waste-bank-app\.gradle\buildOutputCleanup)" [_thread_blocked, id=16448, stack(0x000000f72fb00000,0x000000f72fc00000)]
  0x0000021dfefb8000 JavaThread "Cache worker for file hash cache (D:\waste-bank-app\.gradle\8.10.2\fileHashes)" [_thread_blocked, id=14492, stack(0x000000f72fa00000,0x000000f72fb00000)]
  0x0000021dfefb0000 JavaThread "Cache worker for file hash cache (C:\Users\Rhesa Tsaqif\.gradle\caches\8.10.2\fileHashes)" [_thread_blocked, id=26868, stack(0x000000f72f900000,0x000000f72fa00000)]
  0x0000021dfefb7000 JavaThread "File lock request listener" [_thread_in_native, id=4008, stack(0x000000f72f800000,0x000000f72f900000)]
  0x0000021dfefb5000 JavaThread "Cache worker for journal cache (C:\Users\Rhesa Tsaqif\.gradle\caches\journal-1)" [_thread_blocked, id=24364, stack(0x000000f72f700000,0x000000f72f800000)]
  0x0000021dfefb4000 JavaThread "Daemon client event forwarder" [_thread_blocked, id=26412, stack(0x000000f72f600000,0x000000f72f700000)]
  0x0000021dfefb3000 JavaThread "Stdin handler" [_thread_blocked, id=29332, stack(0x000000f72f500000,0x000000f72f600000)]
  0x0000021dfefb6800 JavaThread "Asynchronous log dispatcher for DefaultDaemonConnection: socket connection from /127.0.0.1:51323 to /127.0.0.1:51324" [_thread_blocked, id=8672, stack(0x000000f72f400000,0x000000f72f500000)]
  0x0000021dfefb2800 JavaThread "Daemon worker" [_thread_in_Java, id=13576, stack(0x000000f72f300000,0x000000f72f400000)]
  0x0000021dfefb5800 JavaThread "Cancel handler" [_thread_blocked, id=31192, stack(0x000000f72f200000,0x000000f72f300000)]
  0x0000021dfefb1800 JavaThread "Handler for socket connection from /127.0.0.1:51323 to /127.0.0.1:51324" [_thread_in_native, id=14460, stack(0x000000f72f100000,0x000000f72f200000)]
  0x0000021dfd3bf800 JavaThread "Daemon" [_thread_blocked, id=2788, stack(0x000000f72f000000,0x000000f72f100000)]
  0x0000021dfd3be000 JavaThread "Daemon periodic checks" [_thread_blocked, id=13144, stack(0x000000f72ef00000,0x000000f72f000000)]
  0x0000021dfd3bc800 JavaThread "Incoming local TCP Connector on port 51323" [_thread_in_native, id=26224, stack(0x000000f72ee00000,0x000000f72ef00000)]
  0x0000021dfd3bd800 JavaThread "Daemon health stats" [_thread_blocked, id=24044, stack(0x000000f72ed00000,0x000000f72ee00000)]
  0x0000021dfd3bb800 JavaThread "Service Thread" daemon [_thread_blocked, id=17996, stack(0x000000f72eb00000,0x000000f72ec00000)]
  0x0000021dfd3c1000 JavaThread "C1 CompilerThread11" daemon [_thread_blocked, id=29912, stack(0x000000f72ea00000,0x000000f72eb00000)]
  0x0000021dfd3c2000 JavaThread "C1 CompilerThread10" daemon [_thread_in_native, id=11896, stack(0x000000f72e900000,0x000000f72ea00000)]
  0x0000021dfd3c0800 JavaThread "C1 CompilerThread9" daemon [_thread_blocked, id=27496, stack(0x000000f72e800000,0x000000f72e900000)]
  0x0000021dfd3c3000 JavaThread "C1 CompilerThread8" daemon [_thread_blocked, id=24900, stack(0x000000f72e700000,0x000000f72e800000)]
  0x0000021dfd38b000 JavaThread "C2 CompilerThread7" daemon [_thread_blocked, id=28296, stack(0x000000f72e600000,0x000000f72e700000)]
  0x0000021dfd380000 JavaThread "C2 CompilerThread6" daemon [_thread_blocked, id=3408, stack(0x000000f72e500000,0x000000f72e600000)]
  0x0000021dfd371800 JavaThread "C2 CompilerThread5" daemon [_thread_in_native, id=23568, stack(0x000000f72e400000,0x000000f72e500000)]
  0x0000021dfd378000 JavaThread "C2 CompilerThread4" daemon [_thread_in_native, id=9304, stack(0x000000f72e300000,0x000000f72e400000)]
=>0x0000021dfd370000 JavaThread "C2 CompilerThread3" daemon [_thread_in_native, id=16036, stack(0x000000f72e200000,0x000000f72e300000)]
  0x0000021dfd36f800 JavaThread "C2 CompilerThread2" daemon [_thread_in_native, id=28640, stack(0x000000f72e100000,0x000000f72e200000)]
  0x0000021dfd375800 JavaThread "C2 CompilerThread1" daemon [_thread_in_native, id=4076, stack(0x000000f72e000000,0x000000f72e100000)]
  0x0000021dfd374800 JavaThread "C2 CompilerThread0" daemon [_thread_in_native, id=26564, stack(0x000000f72df00000,0x000000f72e000000)]
  0x0000021dfd31c800 JavaThread "Attach Listener" daemon [_thread_blocked, id=16344, stack(0x000000f72de00000,0x000000f72df00000)]
  0x0000021dfd317000 JavaThread "Signal Dispatcher" daemon [_thread_blocked, id=8420, stack(0x000000f72dd00000,0x000000f72de00000)]
  0x0000021dfa708000 JavaThread "Finalizer" daemon [_thread_blocked, id=28240, stack(0x000000f72dc00000,0x000000f72dd00000)]
  0x0000021dfd302800 JavaThread "Reference Handler" daemon [_thread_blocked, id=22592, stack(0x000000f72db00000,0x000000f72dc00000)]
  0x0000021df3221800 JavaThread "main" [_thread_blocked, id=20484, stack(0x000000f72cc00000,0x000000f72cd00000)]

Other Threads:
  0x0000021dfa6fd800 VMThread [stack: 0x000000f72da00000,0x000000f72db00000] [id=19712]
  0x0000021dfd444800 WatcherThread [stack: 0x000000f72ec00000,0x000000f72ed00000] [id=27456]

VM state:not at safepoint (normal execution)

VM Mutex/Monitor currently owned by a thread: None

heap address: 0x0000000080000000, size: 2048 MB, Compressed Oops mode: 32-bit
Narrow klass base: 0x0000000000000000, Narrow klass shift: 3
Compressed class space size: 1073741824 Address: 0x0000000100000000

Heap:
 PSYoungGen      total 414208K, used 89079K [0x00000000d5580000, 0x00000000f2d00000, 0x0000000100000000)
  eden space 397312K, 22% used [0x00000000d5580000,0x00000000dac7dc58,0x00000000ed980000)
  from space 16896K, 0% used [0x00000000ef280000,0x00000000ef280000,0x00000000f0300000)
  to   space 25600K, 0% used [0x00000000ed980000,0x00000000ed980000,0x00000000ef280000)
 ParOldGen       total 162304K, used 63110K [0x0000000080000000, 0x0000000089e80000, 0x00000000d5580000)
  object space 162304K, 38% used [0x0000000080000000,0x0000000083da1a18,0x0000000089e80000)
 Metaspace       used 97581K, capacity 100944K, committed 101016K, reserved 1136640K
  class space    used 12817K, capacity 13469K, committed 13480K, reserved 1048576K

Card table byte_map: [0x0000021df4f50000,0x0000021df5360000] byte_map_base: 0x0000021df4b50000

Marking Bits: (ParMarkBitMap*) 0x000000005f4e8470
 Begin Bits: [0x0000021df5610000, 0x0000021df7610000)
 End Bits:   [0x0000021df7610000, 0x0000021df9610000)

Polling page: 0x0000021df3340000

CodeCache: size=245760Kb used=24586Kb max_used=24682Kb free=221173Kb
 bounds [0x0000021d80000000, 0x0000021d81860000, 0x0000021d8f000000]
 total_blobs=7311 nmethods=6548 adapters=670
 compilation: enabled

Compilation events (10 events):
Event: 10.988 Thread 0x0000021dfd38b000 nmethod 7385 0x0000021d8085c310 code [0x0000021d8085c460, 0x0000021d8085c568]
Event: 10.988 Thread 0x0000021dfd3c3000 nmethod 7396 0x0000021d8085bf90 code [0x0000021d8085c0e0, 0x0000021d8085c298]
Event: 10.988 Thread 0x0000021dfd3c3000 7398       3       org.jetbrains.kotlin.metadata.jvm.JvmProtoBuf$JvmPropertySignature::hasSetter (18 bytes)
Event: 10.988 Thread 0x0000021dfd3c0800 nmethod 7397 0x0000021d80856dd0 code [0x0000021d80856f20, 0x0000021d808570d8]
Event: 10.988 Thread 0x0000021dfd3c3000 nmethod 7398 0x0000021d80856a50 code [0x0000021d80856ba0, 0x0000021d80856d58]
Event: 10.988 Thread 0x0000021dfd3c3000 7399       3       org.jetbrains.kotlin.metadata.jvm.JvmProtoBuf$JvmPropertySignature::hasDelegateMethod (18 bytes)
Event: 10.988 Thread 0x0000021dfd3c0800 7400       3       org.jetbrains.kotlin.metadata.jvm.JvmProtoBuf$JvmPropertySignature$Builder::build (5 bytes)
Event: 10.988 Thread 0x0000021dfd3c3000 nmethod 7399 0x0000021d808566d0 code [0x0000021d80856820, 0x0000021d808569d8]
Event: 10.988 Thread 0x0000021dfd3c3000 7401       3       org.jetbrains.kotlin.metadata.jvm.JvmProtoBuf$JvmPropertySignature$Builder::build (19 bytes)
Event: 10.988 Thread 0x0000021dfd3c3000 nmethod 7401 0x0000021d80855e90 code [0x0000021d80856020, 0x0000021d80856500]

GC Heap History (10 events):
Event: 6.628 GC heap before
{Heap before GC invocations=10 (full 2):
 PSYoungGen      total 304128K, used 267048K [0x00000000d5580000, 0x00000000f0300000, 0x0000000100000000)
  eden space 289792K, 87% used [0x00000000d5580000,0x00000000e4c50310,0x00000000e7080000)
  from space 14336K, 99% used [0x00000000e7080000,0x00000000e7e79ec8,0x00000000e7e80000)
  to   space 16896K, 0% used [0x00000000ef280000,0x00000000ef280000,0x00000000f0300000)
 ParOldGen       total 162304K, used 18012K [0x0000000080000000, 0x0000000089e80000, 0x00000000d5580000)
  object space 162304K, 11% used [0x0000000080000000,0x0000000081197028,0x0000000089e80000)
 Metaspace       used 56531K, capacity 59012K, committed 59160K, reserved 1099776K
  class space    used 8207K, capacity 8694K, committed 8744K, reserved 1048576K
Event: 6.663 GC heap after
Heap after GC invocations=10 (full 2):
 PSYoungGen      total 414208K, used 16864K [0x00000000d5580000, 0x00000000f2d00000, 0x0000000100000000)
  eden space 397312K, 0% used [0x00000000d5580000,0x00000000d5580000,0x00000000ed980000)
  from space 16896K, 99% used [0x00000000ef280000,0x00000000f02f81b0,0x00000000f0300000)
  to   space 25600K, 0% used [0x00000000ed980000,0x00000000ed980000,0x00000000ef280000)
 ParOldGen       total 162304K, used 32448K [0x0000000080000000, 0x0000000089e80000, 0x00000000d5580000)
  object space 162304K, 19% used [0x0000000080000000,0x0000000081fb0108,0x0000000089e80000)
 Metaspace       used 56531K, capacity 59012K, committed 59160K, reserved 1099776K
  class space    used 8207K, capacity 8694K, committed 8744K, reserved 1048576K
}
Event: 6.663 GC heap before
{Heap before GC invocations=11 (full 3):
 PSYoungGen      total 414208K, used 16864K [0x00000000d5580000, 0x00000000f2d00000, 0x0000000100000000)
  eden space 397312K, 0% used [0x00000000d5580000,0x00000000d5580000,0x00000000ed980000)
  from space 16896K, 99% used [0x00000000ef280000,0x00000000f02f81b0,0x00000000f0300000)
  to   space 25600K, 0% used [0x00000000ed980000,0x00000000ed980000,0x00000000ef280000)
 ParOldGen       total 162304K, used 32448K [0x0000000080000000, 0x0000000089e80000, 0x00000000d5580000)
  object space 162304K, 19% used [0x0000000080000000,0x0000000081fb0108,0x0000000089e80000)
 Metaspace       used 56531K, capacity 59012K, committed 59160K, reserved 1099776K
  class space    used 8207K, capacity 8694K, committed 8744K, reserved 1048576K
Event: 6.823 GC heap after
Heap after GC invocations=11 (full 3):
 PSYoungGen      total 414208K, used 0K [0x00000000d5580000, 0x00000000f2d00000, 0x0000000100000000)
  eden space 397312K, 0% used [0x00000000d5580000,0x00000000d5580000,0x00000000ed980000)
  from space 16896K, 0% used [0x00000000ef280000,0x00000000ef280000,0x00000000f0300000)
  to   space 25600K, 0% used [0x00000000ed980000,0x00000000ed980000,0x00000000ef280000)
 ParOldGen       total 162304K, used 43974K [0x0000000080000000, 0x0000000089e80000, 0x00000000d5580000)
  object space 162304K, 27% used [0x0000000080000000,0x0000000082af1a20,0x0000000089e80000)
 Metaspace       used 56531K, capacity 59012K, committed 59160K, reserved 1099776K
  class space    used 8207K, capacity 8694K, committed 8744K, reserved 1048576K
}
Event: 8.548 GC heap before
{Heap before GC invocations=12 (full 3):
 PSYoungGen      total 414208K, used 397312K [0x00000000d5580000, 0x00000000f2d00000, 0x0000000100000000)
  eden space 397312K, 100% used [0x00000000d5580000,0x00000000ed980000,0x00000000ed980000)
  from space 16896K, 0% used [0x00000000ef280000,0x00000000ef280000,0x00000000f0300000)
  to   space 25600K, 0% used [0x00000000ed980000,0x00000000ed980000,0x00000000ef280000)
 ParOldGen       total 162304K, used 43974K [0x0000000080000000, 0x0000000089e80000, 0x00000000d5580000)
  object space 162304K, 27% used [0x0000000080000000,0x0000000082af1a20,0x0000000089e80000)
 Metaspace       used 74290K, capacity 77038K, committed 77592K, reserved 1116160K
  class space    used 10148K, capacity 10697K, committed 10792K, reserved 1048576K
Event: 8.576 GC heap after
Heap after GC invocations=12 (full 3):
 PSYoungGen      total 422912K, used 25587K [0x00000000d5580000, 0x00000000f2d00000, 0x0000000100000000)
  eden space 397312K, 0% used [0x00000000d5580000,0x00000000d5580000,0x00000000ed980000)
  from space 25600K, 99% used [0x00000000ed980000,0x00000000ef27cc40,0x00000000ef280000)
  to   space 16896K, 0% used [0x00000000ef280000,0x00000000ef280000,0x00000000f0300000)
 ParOldGen       total 162304K, used 51692K [0x0000000080000000, 0x0000000089e80000, 0x00000000d5580000)
  object space 162304K, 31% used [0x0000000080000000,0x000000008327b298,0x0000000089e80000)
 Metaspace       used 74290K, capacity 77038K, committed 77592K, reserved 1116160K
  class space    used 10148K, capacity 10697K, committed 10792K, reserved 1048576K
}
Event: 10.428 GC heap before
{Heap before GC invocations=13 (full 3):
 PSYoungGen      total 422912K, used 387008K [0x00000000d5580000, 0x00000000f2d00000, 0x0000000100000000)
  eden space 397312K, 90% used [0x00000000d5580000,0x00000000eb6734b8,0x00000000ed980000)
  from space 25600K, 99% used [0x00000000ed980000,0x00000000ef27cc40,0x00000000ef280000)
  to   space 16896K, 0% used [0x00000000ef280000,0x00000000ef280000,0x00000000f0300000)
 ParOldGen       total 162304K, used 51692K [0x0000000080000000, 0x0000000089e80000, 0x00000000d5580000)
  object space 162304K, 31% used [0x0000000080000000,0x000000008327b298,0x0000000089e80000)
 Metaspace       used 95369K, capacity 98484K, committed 98584K, reserved 1134592K
  class space    used 12459K, capacity 13081K, committed 13096K, reserved 1048576K
Event: 10.462 GC heap after
Heap after GC invocations=13 (full 3):
 PSYoungGen      total 414208K, used 16867K [0x00000000d5580000, 0x00000000f2d00000, 0x0000000100000000)
  eden space 397312K, 0% used [0x00000000d5580000,0x00000000d5580000,0x00000000ed980000)
  from space 16896K, 99% used [0x00000000ef280000,0x00000000f02f8d08,0x00000000f0300000)
  to   space 25600K, 0% used [0x00000000ed980000,0x00000000ed980000,0x00000000ef280000)
 ParOldGen       total 162304K, used 73440K [0x0000000080000000, 0x0000000089e80000, 0x00000000d5580000)
  object space 162304K, 45% used [0x0000000080000000,0x00000000847b83b0,0x0000000089e80000)
 Metaspace       used 95369K, capacity 98484K, committed 98584K, reserved 1134592K
  class space    used 12459K, capacity 13081K, committed 13096K, reserved 1048576K
}
Event: 10.462 GC heap before
{Heap before GC invocations=14 (full 4):
 PSYoungGen      total 414208K, used 16867K [0x00000000d5580000, 0x00000000f2d00000, 0x0000000100000000)
  eden space 397312K, 0% used [0x00000000d5580000,0x00000000d5580000,0x00000000ed980000)
  from space 16896K, 99% used [0x00000000ef280000,0x00000000f02f8d08,0x00000000f0300000)
  to   space 25600K, 0% used [0x00000000ed980000,0x00000000ed980000,0x00000000ef280000)
 ParOldGen       total 162304K, used 73440K [0x0000000080000000, 0x0000000089e80000, 0x00000000d5580000)
  object space 162304K, 45% used [0x0000000080000000,0x00000000847b83b0,0x0000000089e80000)
 Metaspace       used 95369K, capacity 98484K, committed 98584K, reserved 1134592K
  class space    used 12459K, capacity 13081K, committed 13096K, reserved 1048576K
Event: 10.576 GC heap after
Heap after GC invocations=14 (full 4):
 PSYoungGen      total 414208K, used 0K [0x00000000d5580000, 0x00000000f2d00000, 0x0000000100000000)
  eden space 397312K, 0% used [0x00000000d5580000,0x00000000d5580000,0x00000000ed980000)
  from space 16896K, 0% used [0x00000000ef280000,0x00000000ef280000,0x00000000f0300000)
  to   space 25600K, 0% used [0x00000000ed980000,0x00000000ed980000,0x00000000ef280000)
 ParOldGen       total 162304K, used 63110K [0x0000000080000000, 0x0000000089e80000, 0x00000000d5580000)
  object space 162304K, 38% used [0x0000000080000000,0x0000000083da1a18,0x0000000089e80000)
 Metaspace       used 95369K, capacity 98484K, committed 98584K, reserved 1134592K
  class space    used 12459K, capacity 13081K, committed 13096K, reserved 1048576K
}

Deoptimization events (10 events):
Event: 10.888 Thread 0x0000021dfefb2800 Uncommon trap: reason=class_check action=maybe_recompile pc=0x0000021d8108c758 method=org.jetbrains.kotlin.metadata.ProtoBuf$TypeParameter.getSerializedSize()I @ 153
Event: 10.888 Thread 0x0000021dfefb2800 Uncommon trap: reason=class_check action=maybe_recompile pc=0x0000021d81554dc0 method=org.jetbrains.kotlin.metadata.ProtoBuf$TypeParameter.writeTo(Lorg/jetbrains/kotlin/protobuf/CodedOutputStream;)V @ 134
Event: 10.888 Thread 0x0000021dfefb2800 Uncommon trap: reason=class_check action=maybe_recompile pc=0x0000021d8108c758 method=org.jetbrains.kotlin.metadata.ProtoBuf$TypeParameter.getSerializedSize()I @ 153
Event: 10.888 Thread 0x0000021dfefb2800 Uncommon trap: reason=class_check action=maybe_recompile pc=0x0000021d81554dc0 method=org.jetbrains.kotlin.metadata.ProtoBuf$TypeParameter.writeTo(Lorg/jetbrains/kotlin/protobuf/CodedOutputStream;)V @ 134
Event: 10.888 Thread 0x0000021dfefb2800 Uncommon trap: reason=unstable_if action=reinterpret pc=0x0000021d815548f4 method=org.jetbrains.kotlin.metadata.ProtoBuf$Function.writeTo(Lorg/jetbrains/kotlin/protobuf/CodedOutputStream;)V @ 200
Event: 10.892 Thread 0x0000021dfefb2800 Uncommon trap: reason=class_check action=maybe_recompile pc=0x0000021d80f6e078 method=org.jetbrains.kotlin.com.intellij.openapi.vfs.VirtualFile.findChild(Ljava/lang/String;)Lorg/jetbrains/kotlin/com/intellij/openapi/vfs/VirtualFile; @ 10
Event: 10.897 Thread 0x0000021dfefb2800 Uncommon trap: reason=class_check action=maybe_recompile pc=0x0000021d80f6e078 method=org.jetbrains.kotlin.com.intellij.openapi.vfs.VirtualFile.findChild(Ljava/lang/String;)Lorg/jetbrains/kotlin/com/intellij/openapi/vfs/VirtualFile; @ 10
Event: 10.907 Thread 0x0000021dfefb2800 Uncommon trap: reason=class_check action=maybe_recompile pc=0x0000021d80f6e078 method=org.jetbrains.kotlin.com.intellij.openapi.vfs.VirtualFile.findChild(Ljava/lang/String;)Lorg/jetbrains/kotlin/com/intellij/openapi/vfs/VirtualFile; @ 10
Event: 10.907 Thread 0x0000021dfefb2800 Uncommon trap: reason=class_check action=maybe_recompile pc=0x0000021d80f6e078 method=org.jetbrains.kotlin.com.intellij.openapi.vfs.VirtualFile.findChild(Ljava/lang/String;)Lorg/jetbrains/kotlin/com/intellij/openapi/vfs/VirtualFile; @ 10
Event: 10.909 Thread 0x0000021dfefb2800 Uncommon trap: reason=class_check action=maybe_recompile pc=0x0000021d812ac0ec method=org.jetbrains.org.objectweb.asm.ClassReader.readElementValue(Lorg/jetbrains/org/objectweb/asm/AnnotationVisitor;ILjava/lang/String;[C)I @ 536

Classes redefined (0 events):
No events

Internal exceptions (10 events):
Event: 10.306 Thread 0x0000021dfefb2800 Exception <a 'java/lang/NoSuchMethodError': java.lang.Object.lambda$static$0(Lorg/gradle/api/services/internal/BuildServiceProvider;)V> (0x00000000ea6167b0) thrown at [C:\jenkins\workspace\Zulu\zulu-platform-build\35621\zulu-src.git\hotspot\src\share\vm\i
Event: 10.325 Thread 0x0000021dfefb2800 Exception <a 'java/lang/NoSuchMethodError': java.lang.Object.lambda$registerIfAbsent$0(Lorg/gradle/api/services/BuildServiceSpec;)V> (0x00000000ea81b030) thrown at [C:\jenkins\workspace\Zulu\zulu-platform-build\35621\zulu-src.git\hotspot\src\share\vm\inte
Event: 10.690 Thread 0x0000021dfefb2800 Exception <a 'java/lang/IncompatibleClassChangeError': Found class java.lang.Object, but interface was expected> (0x00000000d68aad68) thrown at [C:\jenkins\workspace\Zulu\zulu-platform-build\35621\zulu-src.git\hotspot\src\share\vm\interpreter\linkResolver
Event: 10.722 Thread 0x0000021dfefb2800 Exception <a 'java/lang/NoSuchMethodError': java.lang.Object.lambda$static$0(Lorg/gradle/api/internal/artifacts/configurations/MutationValidator$MutationType;)V> (0x00000000d6ddc870) thrown at [C:\jenkins\workspace\Zulu\zulu-platform-build\35621\zulu-src.
Event: 10.741 Thread 0x0000021dfefb2800 Exception <a 'java/lang/NoSuchMethodError': java.lang.Object.lambda$static$0(Lorg/gradle/api/internal/tasks/TaskDependencyResolveContext;)V> (0x00000000d7123748) thrown at [C:\jenkins\workspace\Zulu\zulu-platform-build\35621\zulu-src.git\hotspot\src\share
Event: 10.794 Thread 0x0000021dfefb2800 Exception <a 'java/lang/NoSuchMethodError': java.lang.Object.lambda$rethrowFailure$0(Lorg/gradle/api/artifacts/ResolveException;)V> (0x00000000d7aa9ef8) thrown at [C:\jenkins\workspace\Zulu\zulu-platform-build\35621\zulu-src.git\hotspot\src\share\vm\inter
Event: 10.868 Thread 0x0000021dfefb2800 Exception <a 'sun/nio/fs/WindowsException'> (0x00000000d85fd850) thrown at [C:\jenkins\workspace\Zulu\zulu-platform-build\35621\zulu-src.git\hotspot\src\share\vm\prims\jni.cpp, line 712]
Event: 10.868 Thread 0x0000021dfefb2800 Exception <a 'sun/nio/fs/WindowsException'> (0x00000000d85feaa8) thrown at [C:\jenkins\workspace\Zulu\zulu-platform-build\35621\zulu-src.git\hotspot\src\share\vm\prims\jni.cpp, line 712]
Event: 10.868 Thread 0x0000021dfefb2800 Exception <a 'sun/nio/fs/WindowsException'> (0x00000000d8602250) thrown at [C:\jenkins\workspace\Zulu\zulu-platform-build\35621\zulu-src.git\hotspot\src\share\vm\prims\jni.cpp, line 712]
Event: 10.878 Thread 0x0000021dfefb2800 Exception <a 'sun/nio/fs/WindowsException'> (0x00000000d8654000) thrown at [C:\jenkins\workspace\Zulu\zulu-platform-build\35621\zulu-src.git\hotspot\src\share\vm\prims\jni.cpp, line 712]

Events (10 events):
Event: 10.897 Thread 0x0000021dfefb2800 DEOPT UNPACKING pc=0x0000021d80045683 sp=0x000000f72f3f6de0 mode 2
Event: 10.907 Thread 0x0000021dfefb2800 Uncommon trap: trap_request=0xffffffde fr.pc=0x0000021d80f6e078
Event: 10.907 Thread 0x0000021dfefb2800 DEOPT PACKING pc=0x0000021d80f6e078 sp=0x000000f72f3f5080
Event: 10.907 Thread 0x0000021dfefb2800 DEOPT UNPACKING pc=0x0000021d80045683 sp=0x000000f72f3f5020 mode 2
Event: 10.907 Thread 0x0000021dfefb2800 Uncommon trap: trap_request=0xffffffde fr.pc=0x0000021d80f6e078
Event: 10.907 Thread 0x0000021dfefb2800 DEOPT PACKING pc=0x0000021d80f6e078 sp=0x000000f72f3f5080
Event: 10.907 Thread 0x0000021dfefb2800 DEOPT UNPACKING pc=0x0000021d80045683 sp=0x000000f72f3f5020 mode 2
Event: 10.909 Thread 0x0000021dfefb2800 Uncommon trap: trap_request=0xffffffde fr.pc=0x0000021d812ac0ec
Event: 10.909 Thread 0x0000021dfefb2800 DEOPT PACKING pc=0x0000021d812ac0ec sp=0x000000f72f3f6870
Event: 10.909 Thread 0x0000021dfefb2800 DEOPT UNPACKING pc=0x0000021d80045683 sp=0x000000f72f3f67f8 mode 2


Dynamic libraries:
0x00007ff6ca1c0000 - 0x00007ff6ca210000 	C:\Program Files\Zulu\zulu-8\bin\java.exe
0x00007ffbf32f0000 - 0x00007ffbf3507000 	C:\WINDOWS\SYSTEM32\ntdll.dll
0x00007ffbf2fb0000 - 0x00007ffbf3074000 	C:\WINDOWS\System32\KERNEL32.DLL
0x00007ffbf0a30000 - 0x00007ffbf0e00000 	C:\WINDOWS\System32\KERNELBASE.dll
0x00007ffbf2ae0000 - 0x00007ffbf2b91000 	C:\WINDOWS\System32\ADVAPI32.dll
0x00007ffbf2980000 - 0x00007ffbf2a27000 	C:\WINDOWS\System32\msvcrt.dll
0x00007ffbf1c00000 - 0x00007ffbf1ca7000 	C:\WINDOWS\System32\sechost.dll
0x00007ffbf0890000 - 0x00007ffbf08b8000 	C:\WINDOWS\System32\bcrypt.dll
0x00007ffbf2610000 - 0x00007ffbf2724000 	C:\WINDOWS\System32\RPCRT4.dll
0x00007ffbf2440000 - 0x00007ffbf25ee000 	C:\WINDOWS\System32\USER32.dll
0x00007ffbf07e0000 - 0x00007ffbf0806000 	C:\WINDOWS\System32\win32u.dll
0x00007ffbf2390000 - 0x00007ffbf23b9000 	C:\WINDOWS\System32\GDI32.dll
0x00007ffbf05a0000 - 0x00007ffbf06bb000 	C:\WINDOWS\System32\gdi32full.dll
0x00007ffbf0740000 - 0x00007ffbf07da000 	C:\WINDOWS\System32\msvcp_win.dll
0x00007ffbf0e00000 - 0x00007ffbf0f11000 	C:\WINDOWS\System32\ucrtbase.dll
0x00007ffbe7490000 - 0x00007ffbe7722000 	C:\WINDOWS\WinSxS\amd64_microsoft.windows.common-controls_6595b64144ccf1df_6.0.22621.4830_none_270fe7d773858e80\COMCTL32.dll
0x00007ffbf1250000 - 0x00007ffbf1281000 	C:\WINDOWS\System32\IMM32.DLL
0x00007ffbde440000 - 0x00007ffbde455000 	C:\Program Files\Zulu\zulu-8\jre\bin\vcruntime140.dll
0x00007ffb66af0000 - 0x00007ffb66b8b000 	C:\Program Files\Zulu\zulu-8\jre\bin\msvcp140.dll
0x000000005ecf0000 - 0x000000005f563000 	C:\Program Files\Zulu\zulu-8\jre\bin\server\jvm.dll
0x00007ffbf2900000 - 0x00007ffbf2908000 	C:\WINDOWS\System32\PSAPI.DLL
0x00007ffbea760000 - 0x00007ffbea794000 	C:\WINDOWS\SYSTEM32\WINMM.dll
0x00007ffbeae50000 - 0x00007ffbeae59000 	C:\WINDOWS\SYSTEM32\WSOCK32.dll
0x00007ffbe7180000 - 0x00007ffbe718a000 	C:\WINDOWS\SYSTEM32\VERSION.dll
0x00007ffbf3230000 - 0x00007ffbf32a1000 	C:\WINDOWS\System32\WS2_32.dll
0x00007ffbef6a0000 - 0x00007ffbef6b8000 	C:\WINDOWS\SYSTEM32\kernel.appcore.dll
0x00007ffbea670000 - 0x00007ffbea680000 	C:\Program Files\Zulu\zulu-8\jre\bin\verify.dll
0x00007ffbd3ee0000 - 0x00007ffbd3f0b000 	C:\Program Files\Zulu\zulu-8\jre\bin\java.dll
0x00007ffbb6db0000 - 0x00007ffbb6de9000 	C:\Program Files\Zulu\zulu-8\jre\bin\instrument.dll
0x00007ffbd9b30000 - 0x00007ffbd9b48000 	C:\Program Files\Zulu\zulu-8\jre\bin\zip.dll
0x00007ffbf1380000 - 0x00007ffbf1bf8000 	C:\WINDOWS\System32\SHELL32.dll
0x00007ffbee4a0000 - 0x00007ffbeedb0000 	C:\WINDOWS\SYSTEM32\windows.storage.dll
0x00007ffbf2c00000 - 0x00007ffbf2f90000 	C:\WINDOWS\System32\combase.dll
0x00007ffbee360000 - 0x00007ffbee49f000 	C:\WINDOWS\SYSTEM32\wintypes.dll
0x00007ffbf1140000 - 0x00007ffbf124a000 	C:\WINDOWS\System32\SHCORE.dll
0x00007ffbf2ba0000 - 0x00007ffbf2bfe000 	C:\WINDOWS\System32\shlwapi.dll
0x00007ffbf04d0000 - 0x00007ffbf04fb000 	C:\WINDOWS\SYSTEM32\profapi.dll
0x00007ffbd41f0000 - 0x00007ffbd420c000 	C:\Program Files\Zulu\zulu-8\jre\bin\net.dll
0x00007ffbefb30000 - 0x00007ffbefb9a000 	C:\WINDOWS\system32\mswsock.dll
0x00007ffbb7090000 - 0x00007ffbb70a3000 	C:\Program Files\Zulu\zulu-8\jre\bin\nio.dll
0x00007ffbda850000 - 0x00007ffbda877000 	C:\Users\Rhesa Tsaqif\.gradle\native\c067742578af261105cb4f569cf0c3c89f3d7b1fecec35dd04571415982c5e48\windows-amd64\native-platform.dll
0x00007ffb63780000 - 0x00007ffb638c4000 	C:\Users\Rhesa Tsaqif\.gradle\native\100fb08df4bc3b14c8652ba06237920a3bd2aa13389f12d3474272988ae205f9\windows-amd64\native-platform-file-events.dll
0x00007ffbd8fd0000 - 0x00007ffbd8fdd000 	C:\Program Files\Zulu\zulu-8\jre\bin\management.dll
0x00007ffbefdb0000 - 0x00007ffbefdcb000 	C:\WINDOWS\SYSTEM32\CRYPTSP.dll
0x00007ffbef600000 - 0x00007ffbef635000 	C:\WINDOWS\system32\rsaenh.dll
0x00007ffbefc20000 - 0x00007ffbefc48000 	C:\WINDOWS\SYSTEM32\USERENV.dll
0x00007ffbf06c0000 - 0x00007ffbf073b000 	C:\WINDOWS\System32\bcryptprimitives.dll
0x00007ffbefda0000 - 0x00007ffbefdac000 	C:\WINDOWS\SYSTEM32\CRYPTBASE.dll
0x00007ffbef040000 - 0x00007ffbef06d000 	C:\WINDOWS\SYSTEM32\IPHLPAPI.DLL
0x00007ffbf2730000 - 0x00007ffbf2739000 	C:\WINDOWS\System32\NSI.dll
0x00007ffbea1e0000 - 0x00007ffbea1f9000 	C:\WINDOWS\SYSTEM32\dhcpcsvc6.DLL
0x00007ffbea0b0000 - 0x00007ffbea0cf000 	C:\WINDOWS\SYSTEM32\dhcpcsvc.DLL
0x00007ffbef0c0000 - 0x00007ffbef1c2000 	C:\WINDOWS\SYSTEM32\DNSAPI.dll

VM Arguments:
jvm_args: -Xmx2048m -Dfile.encoding=UTF-8 -Duser.country=ID -Duser.language=en -Duser.variant -javaagent:C:\Users\Rhesa Tsaqif\.gradle\wrapper\dists\gradle-8.10.2-bin\a04bxjujx95o3nb99gddekhwo\gradle-8.10.2\lib\agents\gradle-instrumentation-agent-8.10.2.jar 
java_command: org.gradle.launcher.daemon.bootstrap.GradleDaemon 8.10.2
java_class_path (initial): C:\Users\Rhesa Tsaqif\.gradle\wrapper\dists\gradle-8.10.2-bin\a04bxjujx95o3nb99gddekhwo\gradle-8.10.2\lib\gradle-daemon-main-8.10.2.jar;C:\Users\Rhesa Tsaqif\.gradle\wrapper\dists\gradle-8.10.2-bin\a04bxjujx95o3nb99gddekhwo\gradle-8.10.2\lib\agents\gradle-instrumentation-agent-8.10.2.jar
Launcher Type: SUN_STANDARD

Environment Variables:
JAVA_HOME=C:\Program Files\Zulu\zulu-8
CLASSPATH=D:\waste-bank-app\\gradle\wrapper\gradle-wrapper.jar
PATH=C:\Python313\Scripts\;C:\Python313\;C:\Program Files\Zulu\zulu-8\bin\;C:\Program Files (x86)\Common Files\Intel\Shared Libraries\redist\intel64\compiler;C:\Program Files\Common Files\Oracle\Java\javapath;C:\WINDOWS\system32;C:\WINDOWS;C:\WINDOWS\System32\Wbem;C:\WINDOWS\System32\WindowsPowerShell\v1.0\;C:\WINDOWS\System32\OpenSSH\;C:\Program Files\Java\jdk-20\bin;C:\Program Files\Git\cmd;C:\Program Files\WireGuard\;C:\Program Files\Microsoft SQL Server\120\Tools\Binn\;C:\Program Files\Microsoft SQL Server\Client SDK\ODBC\110\Tools\Binn\;C:\Program Files (x86)\Microsoft SQL Server\120\Tools\Binn\;C:\Program Files\Microsoft SQL Server\120\DTS\Binn\;C:\Program Files (x86)\Microsoft SQL Server\120\Tools\Binn\ManagementStudio\;C:\Program Files (x86)\Microsoft SQL Server\120\DTS\Binn\;C:\Program Files (x86)\Gradle\gradle-8.10.2\bin;C:\Program Files\PuTTY\;C:\ProgramData\chocolatey\bin;D:\Node.js\;C:\Program Files (x86)\Microsoft SQL Server\160\Tools\Binn\;C:\Program Files\Microsoft SQL Server\160\Tools\Binn\;C:\Program Files\Microsoft SQL Server\Client SDK\ODBC\170\Tools\Binn\;C:\Program Files\Microsoft SQL Server\160\DTS\Binn\;C:\Program Files (x86)\Microsoft SQL Server\160\DTS\Binn\;C:\Users\Rhesa Tsaqif\AppData\Local\Programs\Python\Python311\Scripts\;C:\Users\Rhesa Tsaqif\AppData\Local\Programs\Python\Python311\;C:\Users\Rhesa Tsaqif\AppData\Local\Microsoft\WindowsApps;C:\Users\Rhesa Tsaqif\AppData\Local\Programs\Microsoft VS Code\bin;C:\Users\Rhesa Tsaqif\AppData\Local\GitHubDesktop\bin;D:\XAMPP\php;C:\Users\Rhesa Tsaqif\AppData\Local\ComposerSetup\bin;C:\Users\Rhesa Tsaqif\AppData\Roaming\Composer\vendor\bin;C:\Users\Rhesa Tsaqif\AppData\Roaming\npm
USERNAME=Rhesa Tsaqif
OS=Windows_NT
PROCESSOR_IDENTIFIER=Intel64 Family 6 Model 154 Stepping 3, GenuineIntel



---------------  S Y S T E M  ---------------

OS: Windows 11 , 64 bit Build 22621 (10.0.22621.4830)
HyperV virtualization detected

CPU:total 16 (initial active 16) (8 cores per cpu, 2 threads per core) family 6 model 154 stepping 3, cmov, cx8, fxsr, mmx, sse, sse2, sse3, ssse3, sse4.1, sse4.2, popcnt, avx, avx2, aes, clmul, erms, 3dnowpref, lzcnt, ht, tsc, tscinvbit, bmi1, bmi2, adx

Memory: 4k page, physical 24852556k(6352320k free), swap 26949708k(5120k free)

vm_info: OpenJDK 64-Bit Server VM (25.422-b05) for windows-amd64 JRE (Zulu 8.80.0.17-CA-win64) (1.8.0_422-b05), built on Jul  9 2024 22:32:24 by "abrygin" with MS VC++ 15.9 (VS2017)

time: Fri Mar  7 10:41:45 2025
timezone: SE Asia Standard Time
elapsed time: 10.997918 seconds (0d 0h 0m 10s)

