#
# There is insufficient memory for the Java Runtime Environment to continue.
# Native memory allocation (malloc) failed to allocate 82496 bytes for Chunk::new
# Possible reasons:
#   The system is out of physical RAM or swap space
#   The process is running with CompressedOops enabled, and the Java Heap may be blocking the growth of the native heap
# Possible solutions:
#   Reduce memory load on the system
#   Increase physical memory or swap space
#   Check if swap backing store is full
#   Decrease Java heap size (-Xmx/-Xms)
#   Decrease number of Java threads
#   Decrease Java thread stack sizes (-Xss)
#   Set larger code cache with -XX:ReservedCodeCacheSize=
#   JVM is running with Unscaled Compressed Oops mode in which the Java heap is
#     placed in the first 4GB address space. The Java Heap base address is the
#     maximum limit for the native heap growth. Please use -XX:HeapBaseMinAddress
#     to set the Java Heap base and to place the Java Heap above 4GB virtual address.
# This output file may be truncated or incomplete.
#
#  Out of Memory Error (allocation.cpp:389), pid=24996, tid=0x0000000000002ac8
#
# JRE version: OpenJDK Runtime Environment (Zulu 8.80.0.17-CA-win64) (8.0_422-b05) (build 1.8.0_422-b05)
# Java VM: OpenJDK 64-Bit Server VM (25.422-b05 mixed mode windows-amd64 compressed oops)
# Failed to write core dump. Minidumps are not enabled by default on client versions of Windows
#

---------------  T H R E A D  ---------------

Current thread (0x0000027cf6f2b800):  JavaThread "C2 CompilerThread6" daemon [_thread_in_native, id=10952, stack(0x000000e0f4f00000,0x000000e0f5000000)]

Stack: [0x000000e0f4f00000,0x000000e0f5000000]
[error occurred during error reporting (printing stack bounds), id 0xc0000005]

Native frames: (J=compiled Java code, j=interpreted, Vv=VM code, C=native code)


Current CompileTask:
C2:   9581 1704       4       sun.nio.cs.UTF_8$Decoder::decodeArrayLoop (691 bytes)


---------------  P R O C E S S  ---------------

Java Threads: ( => current thread )
  0x0000027cf8660000 JavaThread "pool-1-thread-1" [_thread_blocked, id=17856, stack(0x000000e0f5700000,0x000000e0f5800000)]
  0x0000027cf7007000 JavaThread "Service Thread" daemon [_thread_blocked, id=7792, stack(0x000000e0f5500000,0x000000e0f5600000)]
  0x0000027cf6f3c000 JavaThread "C1 CompilerThread11" daemon [_thread_blocked, id=1872, stack(0x000000e0f5400000,0x000000e0f5500000)]
  0x0000027cf6f3e800 JavaThread "C1 CompilerThread10" daemon [_thread_blocked, id=20048, stack(0x000000e0f5300000,0x000000e0f5400000)]
  0x0000027cf6f42000 JavaThread "C1 CompilerThread9" daemon [_thread_blocked, id=25476, stack(0x000000e0f5200000,0x000000e0f5300000)]
  0x0000027cf6f40000 JavaThread "C1 CompilerThread8" daemon [_thread_blocked, id=11188, stack(0x000000e0f5100000,0x000000e0f5200000)]
  0x0000027cf6f30800 JavaThread "C2 CompilerThread7" daemon [_thread_blocked, id=7340, stack(0x000000e0f5000000,0x000000e0f5100000)]
=>0x0000027cf6f2b800 JavaThread "C2 CompilerThread6" daemon [_thread_in_native, id=10952, stack(0x000000e0f4f00000,0x000000e0f5000000)]
  0x0000027cf6f29800 JavaThread "C2 CompilerThread5" daemon [_thread_blocked, id=16820, stack(0x000000e0f4e00000,0x000000e0f4f00000)]
  0x0000027cf6f29000 JavaThread "C2 CompilerThread4" daemon [_thread_blocked, id=28004, stack(0x000000e0f4d00000,0x000000e0f4e00000)]
  0x0000027cf6f24000 JavaThread "C2 CompilerThread3" daemon [_thread_blocked, id=10800, stack(0x000000e0f4c00000,0x000000e0f4d00000)]
  0x0000027cf6f22800 JavaThread "C2 CompilerThread2" daemon [_thread_blocked, id=340, stack(0x000000e0f4b00000,0x000000e0f4c00000)]
  0x0000027cf6f21800 JavaThread "C2 CompilerThread1" daemon [_thread_blocked, id=18120, stack(0x000000e0f4a00000,0x000000e0f4b00000)]
  0x0000027cf6f20000 JavaThread "C2 CompilerThread0" daemon [_thread_in_native, id=12632, stack(0x000000e0f4900000,0x000000e0f4a00000)]
  0x0000027cf6f1c000 JavaThread "Attach Listener" daemon [_thread_blocked, id=23640, stack(0x000000e0f4800000,0x000000e0f4900000)]
  0x0000027cf6f17000 JavaThread "Signal Dispatcher" daemon [_thread_blocked, id=11684, stack(0x000000e0f4700000,0x000000e0f4800000)]
  0x0000027cf421c800 JavaThread "Finalizer" daemon [_thread_blocked, id=14504, stack(0x000000e0f4600000,0x000000e0f4700000)]
  0x0000027cf4215800 JavaThread "Reference Handler" daemon [_thread_blocked, id=26384, stack(0x000000e0f4500000,0x000000e0f4600000)]
  0x0000027cf1708800 JavaThread "main" [_thread_in_Java, id=29740, stack(0x000000e0f3600000,0x000000e0f3700000)]

Other Threads:
  0x0000027cf41ee000 VMThread [stack: 0x000000e0f4400000,0x000000e0f4500000] [id=12872]
  0x0000027cf6fce800 WatcherThread [stack: 0x000000e0f5600000,0x000000e0f5700000] [id=24628]

VM state:not at safepoint (normal execution)

VM Mutex/Monitor currently owned by a thread: None

heap address: 0x00000000fc000000, size: 64 MB, Compressed Oops mode: 32-bit
Narrow klass base: 0x0000000000000000, Narrow klass shift: 3
Compressed class space size: 1073741824 Address: 0x0000000100000000

Heap:
 PSYoungGen      total 16896K, used 5231K [0x00000000feb00000, 0x0000000100000000, 0x0000000100000000)
  eden space 12288K, 28% used [0x00000000feb00000,0x00000000fee63de8,0x00000000ff700000)
  from space 4608K, 38% used [0x00000000ff700000,0x00000000ff8b8000,0x00000000ffb80000)
  to   space 4608K, 0% used [0x00000000ffb80000,0x00000000ffb80000,0x0000000100000000)
 ParOldGen       total 44032K, used 5702K [0x00000000fc000000, 0x00000000feb00000, 0x00000000feb00000)
  object space 44032K, 12% used [0x00000000fc000000,0x00000000fc591b40,0x00000000feb00000)
 Metaspace       used 14976K, capacity 15390K, committed 15488K, reserved 1062912K
  class space    used 1942K, capacity 2089K, committed 2176K, reserved 1048576K

Card table byte_map: [0x0000027cf1910000,0x0000027cf1940000] byte_map_base: 0x0000027cf1130000

Marking Bits: (ParMarkBitMap*) 0x000000005f4e8470
 Begin Bits: [0x0000027cf3520000, 0x0000027cf3620000)
 End Bits:   [0x0000027cf3620000, 0x0000027cf3720000)

Polling page: 0x0000027cf18e0000

CodeCache: size=245760Kb used=7547Kb max_used=7547Kb free=238212Kb
 bounds [0x0000027c80000000, 0x0000027c80770000, 0x0000027c8f000000]
 total_blobs=2112 nmethods=1713 adapters=307
 compilation: enabled

Compilation events (10 events):
Event: 9.578 Thread 0x0000027cf6f3c000 1711       3       java.util.stream.Collectors$$Lambda$54/1415630650::accept (11 bytes)
Event: 9.578 Thread 0x0000027cf6f40000 1710       3       java.io.BufferedReader$1::next (34 bytes)
Event: 9.578 Thread 0x0000027cf6f3e800 nmethod 1708 0x0000027c8075e050 code [0x0000027c8075e1e0, 0x0000027c8075e5a0]
Event: 9.578 Thread 0x0000027cf6f3c000 nmethod 1711 0x0000027c8075e750 code [0x0000027c8075e8c0, 0x0000027c8075ebf0]
Event: 9.578 Thread 0x0000027cf6f42000 nmethod 1709 0x0000027c8075ecd0 code [0x0000027c8075ee60, 0x0000027c8075f1e0]
Event: 9.578 Thread 0x0000027cf6f3e800 1712       3       com.google.common.collect.EvictingQueue::add (48 bytes)
Event: 9.578 Thread 0x0000027cf6f40000 nmethod 1710 0x0000027c8075f350 code [0x0000027c8075f4e0, 0x0000027c8075f7e0]
Event: 9.578 Thread 0x0000027cf6f3e800 nmethod 1712 0x0000027c8075f910 code [0x0000027c8075fae0, 0x0000027c80760240]
Event: 9.579 Thread 0x0000027cf6f42000 1713       3       java.lang.invoke.LambdaForm$DMH/511754216::invokeStatic_LL_L (15 bytes)
Event: 9.579 Thread 0x0000027cf6f42000 nmethod 1713 0x0000027c80760490 code [0x0000027c80760620, 0x0000027c80760bc0]

GC Heap History (10 events):
Event: 0.661 GC heap before
{Heap before GC invocations=5 (full 0):
 PSYoungGen      total 18944K, used 18933K [0x00000000feb00000, 0x0000000100000000, 0x0000000100000000)
  eden space 16384K, 100% used [0x00000000feb00000,0x00000000ffb00000,0x00000000ffb00000)
  from space 2560K, 99% used [0x00000000ffd80000,0x00000000ffffd420,0x0000000100000000)
  to   space 2560K, 0% used [0x00000000ffb00000,0x00000000ffb00000,0x00000000ffd80000)
 ParOldGen       total 44032K, used 733K [0x00000000fc000000, 0x00000000feb00000, 0x00000000feb00000)
  object space 44032K, 1% used [0x00000000fc000000,0x00000000fc0b74f8,0x00000000feb00000)
 Metaspace       used 10038K, capacity 10366K, committed 10752K, reserved 1058816K
  class space    used 1285K, capacity 1413K, committed 1536K, reserved 1048576K
Event: 0.663 GC heap after
Heap after GC invocations=5 (full 0):
 PSYoungGen      total 18944K, used 2528K [0x00000000feb00000, 0x0000000100000000, 0x0000000100000000)
  eden space 16384K, 0% used [0x00000000feb00000,0x00000000feb00000,0x00000000ffb00000)
  from space 2560K, 98% used [0x00000000ffb00000,0x00000000ffd78040,0x00000000ffd80000)
  to   space 2560K, 0% used [0x00000000ffd80000,0x00000000ffd80000,0x0000000100000000)
 ParOldGen       total 44032K, used 1679K [0x00000000fc000000, 0x00000000feb00000, 0x00000000feb00000)
  object space 44032K, 3% used [0x00000000fc000000,0x00000000fc1a3f88,0x00000000feb00000)
 Metaspace       used 10038K, capacity 10366K, committed 10752K, reserved 1058816K
  class space    used 1285K, capacity 1413K, committed 1536K, reserved 1048576K
}
Event: 0.740 GC heap before
{Heap before GC invocations=6 (full 0):
 PSYoungGen      total 18944K, used 18912K [0x00000000feb00000, 0x0000000100000000, 0x0000000100000000)
  eden space 16384K, 100% used [0x00000000feb00000,0x00000000ffb00000,0x00000000ffb00000)
  from space 2560K, 98% used [0x00000000ffb00000,0x00000000ffd78040,0x00000000ffd80000)
  to   space 2560K, 0% used [0x00000000ffd80000,0x00000000ffd80000,0x0000000100000000)
 ParOldGen       total 44032K, used 1679K [0x00000000fc000000, 0x00000000feb00000, 0x00000000feb00000)
  object space 44032K, 3% used [0x00000000fc000000,0x00000000fc1a3f88,0x00000000feb00000)
 Metaspace       used 11746K, capacity 12028K, committed 12160K, reserved 1060864K
  class space    used 1518K, capacity 1626K, committed 1664K, reserved 1048576K
Event: 0.744 GC heap after
Heap after GC invocations=6 (full 0):
 PSYoungGen      total 14848K, used 2544K [0x00000000feb00000, 0x0000000100000000, 0x0000000100000000)
  eden space 12288K, 0% used [0x00000000feb00000,0x00000000feb00000,0x00000000ff700000)
  from space 2560K, 99% used [0x00000000ffd80000,0x00000000ffffc030,0x0000000100000000)
  to   space 4608K, 0% used [0x00000000ff700000,0x00000000ff700000,0x00000000ffb80000)
 ParOldGen       total 44032K, used 3226K [0x00000000fc000000, 0x00000000feb00000, 0x00000000feb00000)
  object space 44032K, 7% used [0x00000000fc000000,0x00000000fc326a90,0x00000000feb00000)
 Metaspace       used 11746K, capacity 12028K, committed 12160K, reserved 1060864K
  class space    used 1518K, capacity 1626K, committed 1664K, reserved 1048576K
}
Event: 0.785 GC heap before
{Heap before GC invocations=7 (full 0):
 PSYoungGen      total 14848K, used 14832K [0x00000000feb00000, 0x0000000100000000, 0x0000000100000000)
  eden space 12288K, 100% used [0x00000000feb00000,0x00000000ff700000,0x00000000ff700000)
  from space 2560K, 99% used [0x00000000ffd80000,0x00000000ffffc030,0x0000000100000000)
  to   space 4608K, 0% used [0x00000000ff700000,0x00000000ff700000,0x00000000ffb80000)
 ParOldGen       total 44032K, used 3226K [0x00000000fc000000, 0x00000000feb00000, 0x00000000feb00000)
  object space 44032K, 7% used [0x00000000fc000000,0x00000000fc326a90,0x00000000feb00000)
 Metaspace       used 12395K, capacity 12772K, committed 13056K, reserved 1060864K
  class space    used 1624K, capacity 1762K, committed 1792K, reserved 1048576K
Event: 0.787 GC heap after
Heap after GC invocations=7 (full 0):
 PSYoungGen      total 16896K, used 2272K [0x00000000feb00000, 0x0000000100000000, 0x0000000100000000)
  eden space 12288K, 0% used [0x00000000feb00000,0x00000000feb00000,0x00000000ff700000)
  from space 4608K, 49% used [0x00000000ff700000,0x00000000ff938328,0x00000000ffb80000)
  to   space 4608K, 0% used [0x00000000ffb80000,0x00000000ffb80000,0x0000000100000000)
 ParOldGen       total 44032K, used 4254K [0x00000000fc000000, 0x00000000feb00000, 0x00000000feb00000)
  object space 44032K, 9% used [0x00000000fc000000,0x00000000fc427af0,0x00000000feb00000)
 Metaspace       used 12395K, capacity 12772K, committed 13056K, reserved 1060864K
  class space    used 1624K, capacity 1762K, committed 1792K, reserved 1048576K
}
Event: 1.376 GC heap before
{Heap before GC invocations=8 (full 0):
 PSYoungGen      total 16896K, used 14560K [0x00000000feb00000, 0x0000000100000000, 0x0000000100000000)
  eden space 12288K, 100% used [0x00000000feb00000,0x00000000ff700000,0x00000000ff700000)
  from space 4608K, 49% used [0x00000000ff700000,0x00000000ff938328,0x00000000ffb80000)
  to   space 4608K, 0% used [0x00000000ffb80000,0x00000000ffb80000,0x0000000100000000)
 ParOldGen       total 44032K, used 4254K [0x00000000fc000000, 0x00000000feb00000, 0x00000000feb00000)
  object space 44032K, 9% used [0x00000000fc000000,0x00000000fc427af0,0x00000000feb00000)
 Metaspace       used 13434K, capacity 13756K, committed 13952K, reserved 1060864K
  class space    used 1741K, capacity 1870K, committed 1920K, reserved 1048576K
Event: 1.378 GC heap after
Heap after GC invocations=8 (full 0):
 PSYoungGen      total 16896K, used 2163K [0x00000000feb00000, 0x0000000100000000, 0x0000000100000000)
  eden space 12288K, 0% used [0x00000000feb00000,0x00000000feb00000,0x00000000ff700000)
  from space 4608K, 46% used [0x00000000ffb80000,0x00000000ffd9ce98,0x0000000100000000)
  to   space 4608K, 0% used [0x00000000ff700000,0x00000000ff700000,0x00000000ffb80000)
 ParOldGen       total 44032K, used 5062K [0x00000000fc000000, 0x00000000feb00000, 0x00000000feb00000)
  object space 44032K, 11% used [0x00000000fc000000,0x00000000fc4f1b30,0x00000000feb00000)
 Metaspace       used 13434K, capacity 13756K, committed 13952K, reserved 1060864K
  class space    used 1741K, capacity 1870K, committed 1920K, reserved 1048576K
}
Event: 3.323 GC heap before
{Heap before GC invocations=9 (full 0):
 PSYoungGen      total 16896K, used 14451K [0x00000000feb00000, 0x0000000100000000, 0x0000000100000000)
  eden space 12288K, 100% used [0x00000000feb00000,0x00000000ff700000,0x00000000ff700000)
  from space 4608K, 46% used [0x00000000ffb80000,0x00000000ffd9ce98,0x0000000100000000)
  to   space 4608K, 0% used [0x00000000ff700000,0x00000000ff700000,0x00000000ffb80000)
 ParOldGen       total 44032K, used 5062K [0x00000000fc000000, 0x00000000feb00000, 0x00000000feb00000)
  object space 44032K, 11% used [0x00000000fc000000,0x00000000fc4f1b30,0x00000000feb00000)
 Metaspace       used 14539K, capacity 14886K, committed 15104K, reserved 1062912K
  class space    used 1890K, capacity 2007K, committed 2048K, reserved 1048576K
Event: 3.326 GC heap after
Heap after GC invocations=9 (full 0):
 PSYoungGen      total 16896K, used 1760K [0x00000000feb00000, 0x0000000100000000, 0x0000000100000000)
  eden space 12288K, 0% used [0x00000000feb00000,0x00000000feb00000,0x00000000ff700000)
  from space 4608K, 38% used [0x00000000ff700000,0x00000000ff8b8000,0x00000000ffb80000)
  to   space 4608K, 0% used [0x00000000ffb80000,0x00000000ffb80000,0x0000000100000000)
 ParOldGen       total 44032K, used 5702K [0x00000000fc000000, 0x00000000feb00000, 0x00000000feb00000)
  object space 44032K, 12% used [0x00000000fc000000,0x00000000fc591b40,0x00000000feb00000)
 Metaspace       used 14539K, capacity 14886K, committed 15104K, reserved 1062912K
  class space    used 1890K, capacity 2007K, committed 2048K, reserved 1048576K
}

Deoptimization events (10 events):
Event: 0.794 Thread 0x0000027cf1708800 Uncommon trap: reason=bimorphic action=maybe_recompile pc=0x0000027c803f0864 method=java.util.AbstractList$Itr.hasNext()Z @ 8
Event: 0.794 Thread 0x0000027cf1708800 Uncommon trap: reason=bimorphic action=maybe_recompile pc=0x0000027c803f61f8 method=java.util.AbstractList$Itr.next()Ljava/lang/Object; @ 14
Event: 0.951 Thread 0x0000027cf1708800 Uncommon trap: reason=unstable_if action=reinterpret pc=0x0000027c803da608 method=java.io.WinNTFileSystem.normalize(Ljava/lang/String;)Ljava/lang/String; @ 128
Event: 1.346 Thread 0x0000027cf1708800 Uncommon trap: reason=bimorphic action=maybe_recompile pc=0x0000027c803f0864 method=java.util.AbstractList$Itr.hasNext()Z @ 8
Event: 1.346 Thread 0x0000027cf1708800 Uncommon trap: reason=bimorphic action=maybe_recompile pc=0x0000027c803f61f8 method=java.util.AbstractList$Itr.next()Ljava/lang/Object; @ 14
Event: 1.346 Thread 0x0000027cf1708800 Uncommon trap: reason=bimorphic action=maybe_recompile pc=0x0000027c803f0864 method=java.util.AbstractList$Itr.hasNext()Z @ 8
Event: 1.346 Thread 0x0000027cf1708800 Uncommon trap: reason=bimorphic action=maybe_recompile pc=0x0000027c803f61f8 method=java.util.AbstractList$Itr.next()Ljava/lang/Object; @ 14
Event: 1.346 Thread 0x0000027cf1708800 Uncommon trap: reason=bimorphic action=maybe_recompile pc=0x0000027c803f0864 method=java.util.AbstractList$Itr.hasNext()Z @ 8
Event: 1.346 Thread 0x0000027cf1708800 Uncommon trap: reason=bimorphic action=maybe_recompile pc=0x0000027c803f61f8 method=java.util.AbstractList$Itr.next()Ljava/lang/Object; @ 14
Event: 1.364 Thread 0x0000027cf1708800 Uncommon trap: reason=unstable_if action=reinterpret pc=0x0000027c804fe100 method=sun.nio.cs.UTF_8$Decoder.decode([BII[C)I @ 30

Classes redefined (0 events):
No events

Internal exceptions (10 events):
Event: 0.303 Thread 0x0000027cf1708800 Exception <a 'java/security/PrivilegedActionException'> (0x00000000ff775f30) thrown at [C:\jenkins\workspace\Zulu\zulu-platform-build\35621\zulu-src.git\hotspot\src\share\vm\prims\jvm.cpp, line 1514]
Event: 0.303 Thread 0x0000027cf1708800 Exception <a 'java/security/PrivilegedActionException'> (0x00000000ff776140) thrown at [C:\jenkins\workspace\Zulu\zulu-platform-build\35621\zulu-src.git\hotspot\src\share\vm\prims\jvm.cpp, line 1514]
Event: 0.514 Thread 0x0000027cf1708800 Implicit null exception at 0x0000027c804fd8d5 to 0x0000027c804fdadd
Event: 0.514 Thread 0x0000027cf1708800 Implicit null exception at 0x0000027c803f786f to 0x0000027c803f78d9
Event: 0.545 Thread 0x0000027cf1708800 Exception <a 'java/lang/NoClassDefFoundError': org/slf4j/impl/StaticMarkerBinder> (0x00000000ff5a16f8) thrown at [C:\jenkins\workspace\Zulu\zulu-platform-build\35621\zulu-src.git\hotspot\src\share\vm\classfile\systemDictionary.cpp, line 209]
Event: 0.654 Thread 0x0000027cf1708800 Exception <a 'java/lang/NoSuchMethodError': java.lang.Object.lambda$static$0(Lorg/gradle/internal/state/ModelObject;)Ljava/lang/String;> (0x00000000ff99c400) thrown at [C:\jenkins\workspace\Zulu\zulu-platform-build\35621\zulu-src.git\hotspot\src\share\vm\
Event: 0.707 Thread 0x0000027cf1708800 Exception <a 'java/lang/NoSuchMethodError': java.lang.Object.lambda$identity$2(Ljava/lang/Object;)Ljava/lang/Object;> (0x00000000ff32f038) thrown at [C:\jenkins\workspace\Zulu\zulu-platform-build\35621\zulu-src.git\hotspot\src\share\vm\interpreter\linkRes
Event: 0.750 Thread 0x0000027cf1708800 Exception <a 'java/lang/NoSuchMethodError': java.lang.Object.lambda$get$0(Ljava/util/function/Supplier;Ljava/lang/Object;)Ljava/lang/Object;> (0x00000000febf1e80) thrown at [C:\jenkins\workspace\Zulu\zulu-platform-build\35621\zulu-src.git\hotspot\src\shar
Event: 0.756 Thread 0x0000027cf1708800 Exception <a 'java/lang/NoSuchMethodError': java.lang.Object.lambda$andThen$1(Ljava/util/function/Function;Ljava/lang/Object;)Ljava/lang/Object;> (0x00000000fed7c188) thrown at [C:\jenkins\workspace\Zulu\zulu-platform-build\35621\zulu-src.git\hotspot\src\
Event: 9.569 Thread 0x0000027cf1708800 Exception <a 'java/io/IOException'> (0x00000000fed58d30) thrown at [C:\jenkins\workspace\Zulu\zulu-platform-build\35621\zulu-src.git\hotspot\src\share\vm\prims\jni.cpp, line 712]

Events (10 events):
Event: 9.572 loading class com/google/common/collect/ForwardingQueue
Event: 9.572 loading class com/google/common/collect/ForwardingQueue done
Event: 9.572 loading class com/google/common/collect/ForwardingCollection
Event: 9.572 loading class com/google/common/collect/ForwardingCollection done
Event: 9.573 loading class com/google/common/collect/ForwardingObject
Event: 9.573 loading class com/google/common/collect/ForwardingObject done
Event: 9.575 loading class com/google/common/collect/EvictingQueue
Event: 9.575 loading class com/google/common/collect/EvictingQueue done
Event: 9.578 loading class java/util/Optional
Event: 9.578 loading class java/util/Optional done


Dynamic libraries:
0x00007ff6ca1c0000 - 0x00007ff6ca210000 	C:\Program Files\Zulu\zulu-8\bin\java.exe
0x00007ffbf32f0000 - 0x00007ffbf3507000 	C:\WINDOWS\SYSTEM32\ntdll.dll
0x00007ffbf2fb0000 - 0x00007ffbf3074000 	C:\WINDOWS\System32\KERNEL32.DLL
0x00007ffbf0a30000 - 0x00007ffbf0e00000 	C:\WINDOWS\System32\KERNELBASE.dll
0x00007ffbf2ae0000 - 0x00007ffbf2b91000 	C:\WINDOWS\System32\ADVAPI32.dll
0x00007ffbf2980000 - 0x00007ffbf2a27000 	C:\WINDOWS\System32\msvcrt.dll
0x00007ffbf1c00000 - 0x00007ffbf1ca7000 	C:\WINDOWS\System32\sechost.dll
0x00007ffbf0890000 - 0x00007ffbf08b8000 	C:\WINDOWS\System32\bcrypt.dll
0x00007ffbf2610000 - 0x00007ffbf2724000 	C:\WINDOWS\System32\RPCRT4.dll
0x00007ffbf2440000 - 0x00007ffbf25ee000 	C:\WINDOWS\System32\USER32.dll
0x00007ffbf07e0000 - 0x00007ffbf0806000 	C:\WINDOWS\System32\win32u.dll
0x00007ffbf2390000 - 0x00007ffbf23b9000 	C:\WINDOWS\System32\GDI32.dll
0x00007ffbf05a0000 - 0x00007ffbf06bb000 	C:\WINDOWS\System32\gdi32full.dll
0x00007ffbf0740000 - 0x00007ffbf07da000 	C:\WINDOWS\System32\msvcp_win.dll
0x00007ffbf0e00000 - 0x00007ffbf0f11000 	C:\WINDOWS\System32\ucrtbase.dll
0x00007ffbe7490000 - 0x00007ffbe7722000 	C:\WINDOWS\WinSxS\amd64_microsoft.windows.common-controls_6595b64144ccf1df_6.0.22621.4830_none_270fe7d773858e80\COMCTL32.dll
0x00007ffbf1250000 - 0x00007ffbf1281000 	C:\WINDOWS\System32\IMM32.DLL
0x00007ffbe9c50000 - 0x00007ffbe9c65000 	C:\Program Files\Zulu\zulu-8\jre\bin\vcruntime140.dll
0x00007ffb5d720000 - 0x00007ffb5d7bb000 	C:\Program Files\Zulu\zulu-8\jre\bin\msvcp140.dll
0x000000005ecf0000 - 0x000000005f563000 	C:\Program Files\Zulu\zulu-8\jre\bin\server\jvm.dll
0x00007ffbf2900000 - 0x00007ffbf2908000 	C:\WINDOWS\System32\PSAPI.DLL
0x00007ffbe7180000 - 0x00007ffbe718a000 	C:\WINDOWS\SYSTEM32\VERSION.dll
0x00007ffbea760000 - 0x00007ffbea794000 	C:\WINDOWS\SYSTEM32\WINMM.dll
0x00007ffbeae50000 - 0x00007ffbeae59000 	C:\WINDOWS\SYSTEM32\WSOCK32.dll
0x00007ffbf3230000 - 0x00007ffbf32a1000 	C:\WINDOWS\System32\WS2_32.dll
0x00007ffbef6a0000 - 0x00007ffbef6b8000 	C:\WINDOWS\SYSTEM32\kernel.appcore.dll
0x00007ffbea670000 - 0x00007ffbea680000 	C:\Program Files\Zulu\zulu-8\jre\bin\verify.dll
0x00007ffbd7270000 - 0x00007ffbd729b000 	C:\Program Files\Zulu\zulu-8\jre\bin\java.dll
0x00007ffbde440000 - 0x00007ffbde458000 	C:\Program Files\Zulu\zulu-8\jre\bin\zip.dll
0x00007ffbf1380000 - 0x00007ffbf1bf8000 	C:\WINDOWS\System32\SHELL32.dll
0x00007ffbee4a0000 - 0x00007ffbeedb0000 	C:\WINDOWS\SYSTEM32\windows.storage.dll
0x00007ffbf2c00000 - 0x00007ffbf2f90000 	C:\WINDOWS\System32\combase.dll
0x00007ffbee360000 - 0x00007ffbee49f000 	C:\WINDOWS\SYSTEM32\wintypes.dll
0x00007ffbf1140000 - 0x00007ffbf124a000 	C:\WINDOWS\System32\SHCORE.dll
0x00007ffbf2ba0000 - 0x00007ffbf2bfe000 	C:\WINDOWS\System32\shlwapi.dll
0x00007ffbf04d0000 - 0x00007ffbf04fb000 	C:\WINDOWS\SYSTEM32\profapi.dll
0x00007ffbd9b30000 - 0x00007ffbd9b4c000 	C:\Program Files\Zulu\zulu-8\jre\bin\net.dll
0x00007ffbefb30000 - 0x00007ffbefb9a000 	C:\WINDOWS\system32\mswsock.dll
0x00007ffbd7250000 - 0x00007ffbd7263000 	C:\Program Files\Zulu\zulu-8\jre\bin\nio.dll
0x00007ffbda850000 - 0x00007ffbda877000 	C:\Users\Rhesa Tsaqif\.gradle\native\c067742578af261105cb4f569cf0c3c89f3d7b1fecec35dd04571415982c5e48\windows-amd64\native-platform.dll
0x00007ffbd9da0000 - 0x00007ffbd9daa000 	C:\Users\Rhesa Tsaqif\.gradle\native\jansi\1.18\windows64\jansi.dll
0x00007ffbd8fd0000 - 0x00007ffbd8fdd000 	C:\Program Files\Zulu\zulu-8\jre\bin\management.dll
0x00007ffbefdb0000 - 0x00007ffbefdcb000 	C:\WINDOWS\SYSTEM32\CRYPTSP.dll
0x00007ffbef600000 - 0x00007ffbef635000 	C:\WINDOWS\system32\rsaenh.dll
0x00007ffbefc20000 - 0x00007ffbefc48000 	C:\WINDOWS\SYSTEM32\USERENV.dll
0x00007ffbf06c0000 - 0x00007ffbf073b000 	C:\WINDOWS\System32\bcryptprimitives.dll
0x00007ffbefda0000 - 0x00007ffbefdac000 	C:\WINDOWS\SYSTEM32\CRYPTBASE.dll
0x00007ffbef040000 - 0x00007ffbef06d000 	C:\WINDOWS\SYSTEM32\IPHLPAPI.DLL
0x00007ffbf2730000 - 0x00007ffbf2739000 	C:\WINDOWS\System32\NSI.dll
0x00007ffbea1e0000 - 0x00007ffbea1f9000 	C:\WINDOWS\SYSTEM32\dhcpcsvc6.DLL
0x00007ffbea0b0000 - 0x00007ffbea0cf000 	C:\WINDOWS\SYSTEM32\dhcpcsvc.DLL
0x00007ffbef0c0000 - 0x00007ffbef1c2000 	C:\WINDOWS\SYSTEM32\DNSAPI.dll

VM Arguments:
jvm_args: -Xmx64m -Xms64m -Dorg.gradle.appname=gradlew 
java_command: org.gradle.wrapper.GradleWrapperMain assembleDebug --stacktrace --info --debug
java_class_path (initial): D:\waste-bank-app\\gradle\wrapper\gradle-wrapper.jar
Launcher Type: SUN_STANDARD

Environment Variables:
JAVA_HOME=C:\Program Files\Zulu\zulu-8
CLASSPATH=D:\waste-bank-app\\gradle\wrapper\gradle-wrapper.jar
PATH=C:\Python313\Scripts\;C:\Python313\;C:\Program Files\Zulu\zulu-8\bin\;C:\Program Files (x86)\Common Files\Intel\Shared Libraries\redist\intel64\compiler;C:\Program Files\Common Files\Oracle\Java\javapath;C:\WINDOWS\system32;C:\WINDOWS;C:\WINDOWS\System32\Wbem;C:\WINDOWS\System32\WindowsPowerShell\v1.0\;C:\WINDOWS\System32\OpenSSH\;C:\Program Files\Java\jdk-20\bin;C:\Program Files\Git\cmd;C:\Program Files\WireGuard\;C:\Program Files\Microsoft SQL Server\120\Tools\Binn\;C:\Program Files\Microsoft SQL Server\Client SDK\ODBC\110\Tools\Binn\;C:\Program Files (x86)\Microsoft SQL Server\120\Tools\Binn\;C:\Program Files\Microsoft SQL Server\120\DTS\Binn\;C:\Program Files (x86)\Microsoft SQL Server\120\Tools\Binn\ManagementStudio\;C:\Program Files (x86)\Microsoft SQL Server\120\DTS\Binn\;C:\Program Files (x86)\Gradle\gradle-8.10.2\bin;C:\Program Files\PuTTY\;C:\ProgramData\chocolatey\bin;D:\Node.js\;C:\Program Files (x86)\Microsoft SQL Server\160\Tools\Binn\;C:\Program Files\Microsoft SQL Server\160\Tools\Binn\;C:\Program Files\Microsoft SQL Server\Client SDK\ODBC\170\Tools\Binn\;C:\Program Files\Microsoft SQL Server\160\DTS\Binn\;C:\Program Files (x86)\Microsoft SQL Server\160\DTS\Binn\;C:\Users\Rhesa Tsaqif\AppData\Local\Programs\Python\Python311\Scripts\;C:\Users\Rhesa Tsaqif\AppData\Local\Programs\Python\Python311\;C:\Users\Rhesa Tsaqif\AppData\Local\Microsoft\WindowsApps;C:\Users\Rhesa Tsaqif\AppData\Local\Programs\Microsoft VS Code\bin;C:\Users\Rhesa Tsaqif\AppData\Local\GitHubDesktop\bin;D:\XAMPP\php;C:\Users\Rhesa Tsaqif\AppData\Local\ComposerSetup\bin;C:\Users\Rhesa Tsaqif\AppData\Roaming\Composer\vendor\bin;C:\Users\Rhesa Tsaqif\AppData\Roaming\npm
USERNAME=Rhesa Tsaqif
OS=Windows_NT
PROCESSOR_IDENTIFIER=Intel64 Family 6 Model 154 Stepping 3, GenuineIntel



---------------  S Y S T E M  ---------------

OS: Windows 11 , 64 bit Build 22621 (10.0.22621.4830)
HyperV virtualization detected

CPU:total 16 (initial active 16) (8 cores per cpu, 2 threads per core) family 6 model 154 stepping 3, cmov, cx8, fxsr, mmx, sse, sse2, sse3, ssse3, sse4.1, sse4.2, popcnt, avx, avx2, aes, clmul, erms, 3dnowpref, lzcnt, ht, tsc, tscinvbit, bmi1, bmi2, adx

Memory: 4k page, physical 24852556k(6687972k free), swap 26949708k(3716k free)

vm_info: OpenJDK 64-Bit Server VM (25.422-b05) for windows-amd64 JRE (Zulu 8.80.0.17-CA-win64) (1.8.0_422-b05), built on Jul  9 2024 22:32:24 by "abrygin" with MS VC++ 15.9 (VS2017)

time: Fri Mar  7 10:47:37 2025
timezone: SE Asia Standard Time
elapsed time: 9.584291 seconds (0d 0h 0m 9s)

